#
# There is insufficient memory for the Java Runtime Environment to continue.
# Native memory allocation (malloc) failed to allocate 336336 bytes for Chunk::new
# Possible reasons:
#   The system is out of physical RAM or swap space
#   The process is running with CompressedOops enabled, and the Java Heap may be blocking the growth of the native heap
# Possible solutions:
#   Reduce memory load on the system
#   Increase physical memory or swap space
#   Check if swap backing store is full
#   Decrease Java heap size (-Xmx/-Xms)
#   Decrease number of Java threads
#   Decrease Java thread stack sizes (-Xss)
#   Set larger code cache with -XX:ReservedCodeCacheSize=
#   JVM is running with Unscaled Compressed Oops mode in which the Java heap is
#     placed in the first 4GB address space. The Java Heap base address is the
#     maximum limit for the native heap growth. Please use -XX:HeapBaseMinAddress
#     to set the Java Heap base and to place the Java Heap above 4GB virtual address.
# This output file may be truncated or incomplete.
#
#  Out of Memory Error (./src/hotspot/share/memory/arena.cpp:197), pid=9388, tid=5304
#
# JRE version: OpenJDK Runtime Environment (11.0.10) (build 11.0.10+0-b96-7249189)
# Java VM: OpenJDK 64-Bit Server VM (11.0.10+0-b96-7249189, mixed mode, tiered, compressed oops, g1 gc, windows-amd64)
# No core dump will be written. Minidumps are not enabled by default on client versions of Windows
#

---------------  S U M M A R Y ------------

Command Line: org.jetbrains.kotlin.cli.jvm.K2JVMCompiler @C:\Users\User\AndroidStudioProjects\FragmentsWithAppsKotlin\app\build\20211021_9680203988773309965.compiler.options

Host: Intel(R) Core(TM) i5-4590 CPU @ 3.30GHz, 4 cores, 7G,  Windows 10 , 64 bit Build 17763 (10.0.17763.2145)
Time: Thu Oct 21 19:57:35 2021 Iineia noaiaa?oiia a?aiy elapsed time: 9.801324 seconds (0d 0h 0m 9s)

---------------  T H R E A D  ---------------

Current thread (0x000001455649f800):  JavaThread "C2 CompilerThread0" daemon [_thread_in_native, id=5304, stack(0x0000001dbef00000,0x0000001dbf000000)]


Current CompileTask:
C2:   9801 11182       4       org.jetbrains.kotlin.types.AbstractTypeMapper::mapType (1127 bytes)

Stack: [0x0000001dbef00000,0x0000001dbf000000]
Native frames: (J=compiled Java code, j=interpreted, Vv=VM code, C=native code)
V  [jvm.dll+0x5ecfaa]
V  [jvm.dll+0x722bd5]
V  [jvm.dll+0x72412d]
V  [jvm.dll+0x7247e3]
V  [jvm.dll+0x242928]
V  [jvm.dll+0xbc4fc]
V  [jvm.dll+0xbca0c]
V  [jvm.dll+0x2b4fd4]
V  [jvm.dll+0x506028]
V  [jvm.dll+0x203253]
V  [jvm.dll+0x1fd07c]
V  [jvm.dll+0x1fa77f]
V  [jvm.dll+0x18354c]
V  [jvm.dll+0x208ee7]
V  [jvm.dll+0x207731]
V  [jvm.dll+0x6eb1cf]
V  [jvm.dll+0x6e3d45]
V  [jvm.dll+0x5ebe96]
C  [ucrtbase.dll+0x2268a]
C  [KERNEL32.DLL+0x17974]
C  [ntdll.dll+0x5a2f1]


---------------  P R O C E S S  ---------------

Threads class SMR info:
_java_thread_list=0x00000145580c25e0, length=11, elements={
0x000001453c076800, 0x0000014555c0a800, 0x0000014555c0e000, 0x0000014556499000,
0x000001455649a000, 0x000001455649c000, 0x000001455649f800, 0x00000145564a9800,
0x00000145564ad000, 0x00000145565ff800, 0x000001455b3d5000
}

Java Threads: ( => current thread )
  0x000001453c076800 JavaThread "main" [_thread_in_Java, id=9920, stack(0x0000001dbe300000,0x0000001dbe400000)]
  0x0000014555c0a800 JavaThread "Reference Handler" daemon [_thread_blocked, id=1240, stack(0x0000001dbea00000,0x0000001dbeb00000)]
  0x0000014555c0e000 JavaThread "Finalizer" daemon [_thread_blocked, id=1708, stack(0x0000001dbeb00000,0x0000001dbec00000)]
  0x0000014556499000 JavaThread "Signal Dispatcher" daemon [_thread_blocked, id=9396, stack(0x0000001dbec00000,0x0000001dbed00000)]
  0x000001455649a000 JavaThread "Attach Listener" daemon [_thread_blocked, id=9748, stack(0x0000001dbed00000,0x0000001dbee00000)]
  0x000001455649c000 JavaThread "Service Thread" daemon [_thread_blocked, id=1724, stack(0x0000001dbee00000,0x0000001dbef00000)]
=>0x000001455649f800 JavaThread "C2 CompilerThread0" daemon [_thread_in_native, id=5304, stack(0x0000001dbef00000,0x0000001dbf000000)]
  0x00000145564a9800 JavaThread "C1 CompilerThread0" daemon [_thread_in_native, id=2908, stack(0x0000001dbf000000,0x0000001dbf100000)]
  0x00000145564ad000 JavaThread "Sweeper thread" daemon [_thread_blocked, id=3432, stack(0x0000001dbf100000,0x0000001dbf200000)]
  0x00000145565ff800 JavaThread "Common-Cleaner" daemon [_thread_blocked, id=4788, stack(0x0000001dbf300000,0x0000001dbf400000)]
  0x000001455b3d5000 JavaThread "C2 CompilerThread1" daemon [_thread_in_native, id=8056, stack(0x0000001dbf400000,0x0000001dbf500000)]

Other Threads:
  0x0000014555c06000 VMThread "VM Thread" [stack: 0x0000001dbe900000,0x0000001dbea00000] [id=7684]
  0x00000145565f7000 WatcherThread [stack: 0x0000001dbf200000,0x0000001dbf300000] [id=9524]
  0x000001453c08f000 GCTaskThread "GC Thread#0" [stack: 0x0000001dbe400000,0x0000001dbe500000] [id=9640]
  0x0000014556b80000 GCTaskThread "GC Thread#1" [stack: 0x0000001dbf500000,0x0000001dbf600000] [id=9116]
  0x0000014556b81000 GCTaskThread "GC Thread#2" [stack: 0x0000001dbf600000,0x0000001dbf700000] [id=1128]
  0x000001453c0c0800 ConcurrentGCThread "G1 Main Marker" [stack: 0x0000001dbe500000,0x0000001dbe600000] [id=5612]
  0x000001453c0c2000 ConcurrentGCThread "G1 Conc#0" [stack: 0x0000001dbe600000,0x0000001dbe700000] [id=9848]
  0x0000014555a6c800 ConcurrentGCThread "G1 Refine#0" [stack: 0x0000001dbe700000,0x0000001dbe800000] [id=1248]
  0x000001455cc5a000 ConcurrentGCThread "G1 Refine#1" [stack: 0x0000001dbf700000,0x0000001dbf800000] [id=8968]
  0x0000014555a6d800 ConcurrentGCThread "G1 Young RemSet Sampling" [stack: 0x0000001dbe800000,0x0000001dbe900000] [id=1348]

Threads with active compile tasks:
C2 CompilerThread0   9848 11182       4       org.jetbrains.kotlin.types.AbstractTypeMapper::mapType (1127 bytes)
C1 CompilerThread0   9848 11262       3       org.jetbrains.kotlin.utils.SmartIdentityTable::getOrCreate (53 bytes)
C2 CompilerThread1   9848 11129       4       org.jetbrains.kotlin.load.kotlin.TypeSignatureMappingKt::mapBuiltInType (342 bytes)

VM state:not at safepoint (normal execution)

VM Mutex/Monitor currently owned by a thread:  ([mutex/lock_event])
[0x000001453c071660] CodeCache_lock - owner thread: 0x0000000000000000

Heap address: 0x0000000080e00000, size: 2034 MB, Compressed Oops mode: 32-bit
Narrow klass base: 0x0000000000000000, Narrow klass shift: 3
Compressed class space size: 1073741824 Address: 0x0000000100000000

Heap:
 garbage-first heap   total 189440K, used 69376K [0x0000000080e00000, 0x0000000100000000)
  region size 1024K, 9 young (9216K), 4 survivors (4096K)
 Metaspace       used 79444K, capacity 80265K, committed 80512K, reserved 1120256K
  class space    used 8706K, capacity 9032K, committed 9088K, reserved 1048576K
Heap Regions: E=young(eden), S=young(survivor), O=old, HS=humongous(starts), HC=humongous(continues), CS=collection set, F=free, A=archive, TAMS=top-at-mark-start (previous, next)
|   0|0x0000000080e00000, 0x0000000080f00000, 0x0000000080f00000|100%|HS|  |TAMS 0x0000000080f00000, 0x0000000080e00000| Complete 
|   1|0x0000000080f00000, 0x0000000081000000, 0x0000000081000000|100%|HC|  |TAMS 0x0000000081000000, 0x0000000080f00000| Complete 
|   2|0x0000000081000000, 0x0000000081100000, 0x0000000081100000|100%|HC|  |TAMS 0x0000000081100000, 0x0000000081000000| Complete 
|   3|0x0000000081100000, 0x0000000081200000, 0x0000000081200000|100%| O|  |TAMS 0x0000000081200000, 0x0000000081100000| Untracked 
|   4|0x0000000081200000, 0x0000000081300000, 0x0000000081300000|100%| O|  |TAMS 0x0000000081300000, 0x0000000081200000| Untracked 
|   5|0x0000000081300000, 0x0000000081400000, 0x0000000081400000|100%|HS|  |TAMS 0x0000000081400000, 0x0000000081300000| Complete 
|   6|0x0000000081400000, 0x0000000081500000, 0x0000000081500000|100%|HC|  |TAMS 0x0000000081500000, 0x0000000081400000| Complete 
|   7|0x0000000081500000, 0x0000000081600000, 0x0000000081600000|100%|HC|  |TAMS 0x0000000081600000, 0x0000000081500000| Complete 
|   8|0x0000000081600000, 0x0000000081700000, 0x0000000081700000|100%|HS|  |TAMS 0x0000000081700000, 0x0000000081600000| Complete 
|   9|0x0000000081700000, 0x0000000081800000, 0x0000000081800000|100%|HC|  |TAMS 0x0000000081800000, 0x0000000081700000| Complete 
|  10|0x0000000081800000, 0x0000000081900000, 0x0000000081900000|100%|HC|  |TAMS 0x0000000081900000, 0x0000000081800000| Complete 
|  11|0x0000000081900000, 0x0000000081a00000, 0x0000000081a00000|100%| O|  |TAMS 0x0000000081a00000, 0x0000000081900000| Untracked 
|  12|0x0000000081a00000, 0x0000000081b00000, 0x0000000081b00000|100%| O|  |TAMS 0x0000000081b00000, 0x0000000081a00000| Untracked 
|  13|0x0000000081b00000, 0x0000000081c00000, 0x0000000081c00000|100%| O|  |TAMS 0x0000000081c00000, 0x0000000081b00000| Untracked 
|  14|0x0000000081c00000, 0x0000000081d00000, 0x0000000081d00000|100%| O|  |TAMS 0x0000000081d00000, 0x0000000081c00000| Untracked 
|  15|0x0000000081d00000, 0x0000000081e00000, 0x0000000081e00000|100%|HS|  |TAMS 0x0000000081e00000, 0x0000000081d00000| Complete 
|  16|0x0000000081e00000, 0x0000000081f00000, 0x0000000081f00000|100%|HC|  |TAMS 0x0000000081f00000, 0x0000000081e00000| Complete 
|  17|0x0000000081f00000, 0x0000000082000000, 0x0000000082000000|100%| O|  |TAMS 0x0000000082000000, 0x0000000081f00000| Untracked 
|  18|0x0000000082000000, 0x0000000082100000, 0x0000000082100000|100%| O|  |TAMS 0x0000000082100000, 0x0000000082000000| Untracked 
|  19|0x0000000082100000, 0x0000000082200000, 0x0000000082200000|100%| O|  |TAMS 0x0000000082200000, 0x0000000082100000| Untracked 
|  20|0x0000000082200000, 0x0000000082300000, 0x0000000082300000|100%| O|  |TAMS 0x0000000082300000, 0x0000000082200000| Untracked 
|  21|0x0000000082300000, 0x0000000082400000, 0x0000000082400000|100%| O|  |TAMS 0x0000000082400000, 0x0000000082300000| Untracked 
|  22|0x0000000082400000, 0x0000000082500000, 0x0000000082500000|100%| O|  |TAMS 0x0000000082500000, 0x0000000082400000| Untracked 
|  23|0x0000000082500000, 0x0000000082600000, 0x0000000082600000|100%| O|  |TAMS 0x0000000082600000, 0x0000000082500000| Untracked 
|  24|0x0000000082600000, 0x0000000082700000, 0x0000000082700000|100%| O|  |TAMS 0x0000000082700000, 0x0000000082600000| Untracked 
|  25|0x0000000082700000, 0x0000000082800000, 0x0000000082800000|100%| O|  |TAMS 0x0000000082800000, 0x0000000082700000| Untracked 
|  26|0x0000000082800000, 0x0000000082900000, 0x0000000082900000|100%| O|  |TAMS 0x0000000082900000, 0x0000000082800000| Untracked 
|  27|0x0000000082900000, 0x0000000082a00000, 0x0000000082a00000|100%| O|  |TAMS 0x0000000082a00000, 0x0000000082900000| Untracked 
|  28|0x0000000082a00000, 0x0000000082b00000, 0x0000000082b00000|100%| O|  |TAMS 0x0000000082b00000, 0x0000000082a00000| Untracked 
|  29|0x0000000082b00000, 0x0000000082c00000, 0x0000000082c00000|100%| O|  |TAMS 0x0000000082c00000, 0x0000000082b00000| Untracked 
|  30|0x0000000082c00000, 0x0000000082d00000, 0x0000000082d00000|100%| O|  |TAMS 0x0000000082d00000, 0x0000000082c00000| Untracked 
|  31|0x0000000082d00000, 0x0000000082e00000, 0x0000000082e00000|100%| O|  |TAMS 0x0000000082e00000, 0x0000000082d00000| Untracked 
|  32|0x0000000082e00000, 0x0000000082f00000, 0x0000000082f00000|100%| O|  |TAMS 0x0000000082f00000, 0x0000000082e00000| Untracked 
|  33|0x0000000082f00000, 0x0000000083000000, 0x0000000083000000|100%| O|  |TAMS 0x0000000083000000, 0x0000000082f00000| Untracked 
|  34|0x0000000083000000, 0x0000000083100000, 0x0000000083100000|100%| O|  |TAMS 0x0000000083100000, 0x0000000083000000| Untracked 
|  35|0x0000000083100000, 0x0000000083200000, 0x0000000083200000|100%| O|  |TAMS 0x0000000083200000, 0x0000000083100000| Untracked 
|  36|0x0000000083200000, 0x0000000083300000, 0x0000000083300000|100%| O|  |TAMS 0x0000000083300000, 0x0000000083200000| Untracked 
|  37|0x0000000083300000, 0x0000000083400000, 0x0000000083400000|100%| O|  |TAMS 0x0000000083400000, 0x0000000083300000| Untracked 
|  38|0x0000000083400000, 0x0000000083500000, 0x0000000083500000|100%| O|  |TAMS 0x0000000083500000, 0x0000000083400000| Untracked 
|  39|0x0000000083500000, 0x0000000083600000, 0x0000000083600000|100%| O|  |TAMS 0x0000000083600000, 0x0000000083500000| Untracked 
|  40|0x0000000083600000, 0x0000000083700000, 0x0000000083700000|100%| O|  |TAMS 0x00000000836cdc00, 0x0000000083600000| Untracked 
|  41|0x0000000083700000, 0x0000000083800000, 0x0000000083800000|100%| O|  |TAMS 0x0000000083700000, 0x0000000083700000| Untracked 
|  42|0x0000000083800000, 0x0000000083900000, 0x0000000083900000|100%| O|  |TAMS 0x0000000083800000, 0x0000000083800000| Untracked 
|  43|0x0000000083900000, 0x0000000083a00000, 0x0000000083a00000|100%| O|  |TAMS 0x0000000083900000, 0x0000000083900000| Untracked 
|  44|0x0000000083a00000, 0x0000000083b00000, 0x0000000083b00000|100%| O|  |TAMS 0x0000000083a00000, 0x0000000083a00000| Untracked 
|  45|0x0000000083b00000, 0x0000000083c00000, 0x0000000083c00000|100%| O|  |TAMS 0x0000000083b00000, 0x0000000083b00000| Untracked 
|  46|0x0000000083c00000, 0x0000000083d00000, 0x0000000083d00000|100%| O|  |TAMS 0x0000000083c00000, 0x0000000083c00000| Untracked 
|  47|0x0000000083d00000, 0x0000000083e00000, 0x0000000083e00000|100%| O|  |TAMS 0x0000000083d00000, 0x0000000083d00000| Untracked 
|  48|0x0000000083e00000, 0x0000000083f00000, 0x0000000083f00000|100%| O|  |TAMS 0x0000000083e00000, 0x0000000083e00000| Untracked 
|  49|0x0000000083f00000, 0x0000000084000000, 0x0000000084000000|100%| O|  |TAMS 0x0000000083f00000, 0x0000000083f00000| Untracked 
|  50|0x0000000084000000, 0x0000000084100000, 0x0000000084100000|100%| O|  |TAMS 0x0000000084000000, 0x0000000084000000| Untracked 
|  51|0x0000000084100000, 0x0000000084200000, 0x0000000084200000|100%| O|  |TAMS 0x0000000084100000, 0x0000000084100000| Untracked 
|  52|0x0000000084200000, 0x0000000084300000, 0x0000000084300000|100%| O|  |TAMS 0x0000000084200000, 0x0000000084200000| Untracked 
|  53|0x0000000084300000, 0x0000000084400000, 0x0000000084400000|100%| O|  |TAMS 0x0000000084300000, 0x0000000084300000| Untracked 
|  54|0x0000000084400000, 0x0000000084500000, 0x0000000084500000|100%| O|  |TAMS 0x0000000084400000, 0x0000000084400000| Untracked 
|  55|0x0000000084500000, 0x0000000084600000, 0x0000000084600000|100%| O|  |TAMS 0x0000000084500000, 0x0000000084500000| Untracked 
|  56|0x0000000084600000, 0x0000000084700000, 0x0000000084700000|100%| O|  |TAMS 0x0000000084600000, 0x0000000084600000| Untracked 
|  57|0x0000000084700000, 0x0000000084800000, 0x0000000084800000|100%| O|  |TAMS 0x0000000084700000, 0x0000000084700000| Untracked 
|  58|0x0000000084800000, 0x0000000084900000, 0x0000000084900000|100%| O|  |TAMS 0x0000000084800000, 0x0000000084800000| Untracked 
|  59|0x0000000084900000, 0x0000000084a00000, 0x0000000084a00000|100%| O|  |TAMS 0x0000000084900000, 0x0000000084900000| Untracked 
|  60|0x0000000084a00000, 0x0000000084a60a00, 0x0000000084b00000| 37%| O|  |TAMS 0x0000000084a00000, 0x0000000084a00000| Untracked 
|  61|0x0000000084b00000, 0x0000000084b00000, 0x0000000084c00000|  0%| F|  |TAMS 0x0000000084b00000, 0x0000000084b00000| Untracked 
|  62|0x0000000084c00000, 0x0000000084c00000, 0x0000000084d00000|  0%| F|  |TAMS 0x0000000084c00000, 0x0000000084c00000| Untracked 
|  63|0x0000000084d00000, 0x0000000084d00000, 0x0000000084e00000|  0%| F|  |TAMS 0x0000000084d00000, 0x0000000084d00000| Untracked 
|  64|0x0000000084e00000, 0x0000000084e00000, 0x0000000084f00000|  0%| F|  |TAMS 0x0000000084e00000, 0x0000000084e00000| Untracked 
|  65|0x0000000084f00000, 0x0000000084f00000, 0x0000000085000000|  0%| F|  |TAMS 0x0000000084f00000, 0x0000000084f00000| Untracked 
|  66|0x0000000085000000, 0x0000000085000000, 0x0000000085100000|  0%| F|  |TAMS 0x0000000085000000, 0x0000000085000000| Untracked 
|  67|0x0000000085100000, 0x0000000085100000, 0x0000000085200000|  0%| F|  |TAMS 0x0000000085100000, 0x0000000085100000| Untracked 
|  68|0x0000000085200000, 0x0000000085200000, 0x0000000085300000|  0%| F|  |TAMS 0x0000000085200000, 0x0000000085200000| Untracked 
|  69|0x0000000085300000, 0x0000000085300000, 0x0000000085400000|  0%| F|  |TAMS 0x0000000085300000, 0x0000000085300000| Untracked 
|  70|0x0000000085400000, 0x0000000085400000, 0x0000000085500000|  0%| F|  |TAMS 0x0000000085400000, 0x0000000085400000| Untracked 
|  71|0x0000000085500000, 0x0000000085500000, 0x0000000085600000|  0%| F|  |TAMS 0x0000000085500000, 0x0000000085500000| Untracked 
|  72|0x0000000085600000, 0x0000000085600000, 0x0000000085700000|  0%| F|  |TAMS 0x0000000085600000, 0x0000000085600000| Untracked 
|  73|0x0000000085700000, 0x0000000085700000, 0x0000000085800000|  0%| F|  |TAMS 0x0000000085700000, 0x0000000085700000| Untracked 
|  74|0x0000000085800000, 0x0000000085800000, 0x0000000085900000|  0%| F|  |TAMS 0x0000000085800000, 0x0000000085800000| Untracked 
|  75|0x0000000085900000, 0x0000000085900000, 0x0000000085a00000|  0%| F|  |TAMS 0x0000000085900000, 0x0000000085900000| Untracked 
|  76|0x0000000085a00000, 0x0000000085a00000, 0x0000000085b00000|  0%| F|  |TAMS 0x0000000085a00000, 0x0000000085a00000| Untracked 
|  77|0x0000000085b00000, 0x0000000085b00000, 0x0000000085c00000|  0%| F|  |TAMS 0x0000000085b00000, 0x0000000085b00000| Untracked 
|  78|0x0000000085c00000, 0x0000000085c00000, 0x0000000085d00000|  0%| F|  |TAMS 0x0000000085c00000, 0x0000000085c00000| Untracked 
|  79|0x0000000085d00000, 0x0000000085d00000, 0x0000000085e00000|  0%| F|  |TAMS 0x0000000085d00000, 0x0000000085d00000| Untracked 
|  80|0x0000000085e00000, 0x0000000085e00000, 0x0000000085f00000|  0%| F|  |TAMS 0x0000000085e00000, 0x0000000085e00000| Untracked 
|  81|0x0000000085f00000, 0x0000000085f00000, 0x0000000086000000|  0%| F|  |TAMS 0x0000000085f00000, 0x0000000085f00000| Untracked 
|  82|0x0000000086000000, 0x0000000086000000, 0x0000000086100000|  0%| F|  |TAMS 0x0000000086000000, 0x0000000086000000| Untracked 
|  83|0x0000000086100000, 0x0000000086100000, 0x0000000086200000|  0%| F|  |TAMS 0x0000000086100000, 0x0000000086100000| Untracked 
|  84|0x0000000086200000, 0x0000000086200000, 0x0000000086300000|  0%| F|  |TAMS 0x0000000086200000, 0x0000000086200000| Untracked 
|  85|0x0000000086300000, 0x0000000086300000, 0x0000000086400000|  0%| F|  |TAMS 0x0000000086300000, 0x0000000086300000| Untracked 
|  86|0x0000000086400000, 0x0000000086400000, 0x0000000086500000|  0%| F|  |TAMS 0x0000000086400000, 0x0000000086400000| Untracked 
|  87|0x0000000086500000, 0x0000000086500000, 0x0000000086600000|  0%| F|  |TAMS 0x0000000086500000, 0x0000000086500000| Untracked 
|  88|0x0000000086600000, 0x000000008665f640, 0x0000000086700000| 37%| S|CS|TAMS 0x0000000086600000, 0x0000000086600000| Complete 
|  89|0x0000000086700000, 0x0000000086800000, 0x0000000086800000|100%| S|CS|TAMS 0x0000000086700000, 0x0000000086700000| Complete 
|  90|0x0000000086800000, 0x0000000086800000, 0x0000000086900000|  0%| F|  |TAMS 0x0000000086800000, 0x0000000086800000| Untracked 
|  91|0x0000000086900000, 0x0000000086900000, 0x0000000086a00000|  0%| F|  |TAMS 0x0000000086900000, 0x0000000086900000| Untracked 
|  92|0x0000000086a00000, 0x0000000086a00000, 0x0000000086b00000|  0%| F|  |TAMS 0x0000000086a00000, 0x0000000086a00000| Untracked 
|  93|0x0000000086b00000, 0x0000000086b00000, 0x0000000086c00000|  0%| F|  |TAMS 0x0000000086b00000, 0x0000000086b00000| Untracked 
|  94|0x0000000086c00000, 0x0000000086c00000, 0x0000000086d00000|  0%| F|  |TAMS 0x0000000086c00000, 0x0000000086c00000| Untracked 
|  95|0x0000000086d00000, 0x0000000086d00000, 0x0000000086e00000|  0%| F|  |TAMS 0x0000000086d00000, 0x0000000086d00000| Untracked 
|  96|0x0000000086e00000, 0x0000000086f00000, 0x0000000086f00000|100%| S|CS|TAMS 0x0000000086e00000, 0x0000000086e00000| Complete 
|  97|0x0000000086f00000, 0x0000000087000000, 0x0000000087000000|100%| S|CS|TAMS 0x0000000086f00000, 0x0000000086f00000| Complete 
|  98|0x0000000087000000, 0x0000000087000000, 0x0000000087100000|  0%| F|  |TAMS 0x0000000087000000, 0x0000000087000000| Untracked 
|  99|0x0000000087100000, 0x0000000087100000, 0x0000000087200000|  0%| F|  |TAMS 0x0000000087100000, 0x0000000087100000| Untracked 
| 100|0x0000000087200000, 0x0000000087200000, 0x0000000087300000|  0%| F|  |TAMS 0x0000000087200000, 0x0000000087200000| Untracked 
| 101|0x0000000087300000, 0x0000000087300000, 0x0000000087400000|  0%| F|  |TAMS 0x0000000087300000, 0x0000000087300000| Untracked 
| 102|0x0000000087400000, 0x0000000087400000, 0x0000000087500000|  0%| F|  |TAMS 0x0000000087400000, 0x0000000087400000| Untracked 
| 103|0x0000000087500000, 0x0000000087500000, 0x0000000087600000|  0%| F|  |TAMS 0x0000000087500000, 0x0000000087500000| Untracked 
| 104|0x0000000087600000, 0x0000000087600000, 0x0000000087700000|  0%| F|  |TAMS 0x0000000087600000, 0x0000000087600000| Untracked 
| 105|0x0000000087700000, 0x0000000087700000, 0x0000000087800000|  0%| F|  |TAMS 0x0000000087700000, 0x0000000087700000| Untracked 
| 106|0x0000000087800000, 0x0000000087800000, 0x0000000087900000|  0%| F|  |TAMS 0x0000000087800000, 0x0000000087800000| Untracked 
| 107|0x0000000087900000, 0x0000000087900000, 0x0000000087a00000|  0%| F|  |TAMS 0x0000000087900000, 0x0000000087900000| Untracked 
| 108|0x0000000087a00000, 0x0000000087a00000, 0x0000000087b00000|  0%| F|  |TAMS 0x0000000087a00000, 0x0000000087a00000| Untracked 
| 109|0x0000000087b00000, 0x0000000087b00000, 0x0000000087c00000|  0%| F|  |TAMS 0x0000000087b00000, 0x0000000087b00000| Untracked 
| 110|0x0000000087c00000, 0x0000000087c00000, 0x0000000087d00000|  0%| F|  |TAMS 0x0000000087c00000, 0x0000000087c00000| Untracked 
| 111|0x0000000087d00000, 0x0000000087d00000, 0x0000000087e00000|  0%| F|  |TAMS 0x0000000087d00000, 0x0000000087d00000| Untracked 
| 112|0x0000000087e00000, 0x0000000087e00000, 0x0000000087f00000|  0%| F|  |TAMS 0x0000000087e00000, 0x0000000087e00000| Untracked 
| 113|0x0000000087f00000, 0x0000000087f00000, 0x0000000088000000|  0%| F|  |TAMS 0x0000000087f00000, 0x0000000087f00000| Untracked 
| 114|0x0000000088000000, 0x0000000088000000, 0x0000000088100000|  0%| F|  |TAMS 0x0000000088000000, 0x0000000088000000| Untracked 
| 115|0x0000000088100000, 0x0000000088100000, 0x0000000088200000|  0%| F|  |TAMS 0x0000000088100000, 0x0000000088100000| Untracked 
| 116|0x0000000088200000, 0x0000000088200000, 0x0000000088300000|  0%| F|  |TAMS 0x0000000088200000, 0x0000000088200000| Untracked 
| 117|0x0000000088300000, 0x0000000088300000, 0x0000000088400000|  0%| F|  |TAMS 0x0000000088300000, 0x0000000088300000| Untracked 
| 118|0x0000000088400000, 0x0000000088400000, 0x0000000088500000|  0%| F|  |TAMS 0x0000000088400000, 0x0000000088400000| Untracked 
| 119|0x0000000088500000, 0x0000000088500000, 0x0000000088600000|  0%| F|  |TAMS 0x0000000088500000, 0x0000000088500000| Untracked 
| 120|0x0000000088600000, 0x0000000088600000, 0x0000000088700000|  0%| F|  |TAMS 0x0000000088600000, 0x0000000088600000| Untracked 
| 121|0x0000000088700000, 0x0000000088700000, 0x0000000088800000|  0%| F|  |TAMS 0x0000000088700000, 0x0000000088700000| Untracked 
| 122|0x0000000088800000, 0x0000000088800000, 0x0000000088900000|  0%| F|  |TAMS 0x0000000088800000, 0x0000000088800000| Untracked 
| 123|0x0000000088900000, 0x0000000088900000, 0x0000000088a00000|  0%| F|  |TAMS 0x0000000088900000, 0x0000000088900000| Untracked 
| 124|0x0000000088a00000, 0x0000000088a00000, 0x0000000088b00000|  0%| F|  |TAMS 0x0000000088a00000, 0x0000000088a00000| Untracked 
| 125|0x0000000088b00000, 0x0000000088b00000, 0x0000000088c00000|  0%| F|  |TAMS 0x0000000088b00000, 0x0000000088b00000| Untracked 
| 126|0x0000000088c00000, 0x0000000088c00000, 0x0000000088d00000|  0%| F|  |TAMS 0x0000000088c00000, 0x0000000088c00000| Untracked 
| 127|0x0000000088d00000, 0x0000000088d00000, 0x0000000088e00000|  0%| F|  |TAMS 0x0000000088d00000, 0x0000000088d00000| Untracked 
| 128|0x0000000088e00000, 0x0000000088e00000, 0x0000000088f00000|  0%| F|  |TAMS 0x0000000088e00000, 0x0000000088e00000| Untracked 
| 129|0x0000000088f00000, 0x0000000088f00000, 0x0000000089000000|  0%| F|  |TAMS 0x0000000088f00000, 0x0000000088f00000| Untracked 
| 130|0x0000000089000000, 0x0000000089000000, 0x0000000089100000|  0%| F|  |TAMS 0x0000000089000000, 0x0000000089000000| Untracked 
| 131|0x0000000089100000, 0x0000000089100000, 0x0000000089200000|  0%| F|  |TAMS 0x0000000089100000, 0x0000000089100000| Untracked 
| 132|0x0000000089200000, 0x0000000089200000, 0x0000000089300000|  0%| F|  |TAMS 0x0000000089200000, 0x0000000089200000| Untracked 
| 133|0x0000000089300000, 0x0000000089300000, 0x0000000089400000|  0%| F|  |TAMS 0x0000000089300000, 0x0000000089300000| Untracked 
| 134|0x0000000089400000, 0x0000000089400000, 0x0000000089500000|  0%| F|  |TAMS 0x0000000089400000, 0x0000000089400000| Untracked 
| 135|0x0000000089500000, 0x0000000089500000, 0x0000000089600000|  0%| F|  |TAMS 0x0000000089500000, 0x0000000089500000| Untracked 
| 136|0x0000000089600000, 0x0000000089600000, 0x0000000089700000|  0%| F|  |TAMS 0x0000000089600000, 0x0000000089600000| Untracked 
| 137|0x0000000089700000, 0x0000000089700000, 0x0000000089800000|  0%| F|  |TAMS 0x0000000089700000, 0x0000000089700000| Untracked 
| 138|0x0000000089800000, 0x0000000089800000, 0x0000000089900000|  0%| F|  |TAMS 0x0000000089800000, 0x0000000089800000| Untracked 
| 139|0x0000000089900000, 0x0000000089900000, 0x0000000089a00000|  0%| F|  |TAMS 0x0000000089900000, 0x0000000089900000| Untracked 
| 140|0x0000000089a00000, 0x0000000089a00000, 0x0000000089b00000|  0%| F|  |TAMS 0x0000000089a00000, 0x0000000089a00000| Untracked 
| 141|0x0000000089b00000, 0x0000000089b00000, 0x0000000089c00000|  0%| F|  |TAMS 0x0000000089b00000, 0x0000000089b00000| Untracked 
| 142|0x0000000089c00000, 0x0000000089c00000, 0x0000000089d00000|  0%| F|  |TAMS 0x0000000089c00000, 0x0000000089c00000| Untracked 
| 143|0x0000000089d00000, 0x0000000089d00000, 0x0000000089e00000|  0%| F|  |TAMS 0x0000000089d00000, 0x0000000089d00000| Untracked 
| 144|0x0000000089e00000, 0x0000000089e00000, 0x0000000089f00000|  0%| F|  |TAMS 0x0000000089e00000, 0x0000000089e00000| Untracked 
| 145|0x0000000089f00000, 0x0000000089f00000, 0x000000008a000000|  0%| F|  |TAMS 0x0000000089f00000, 0x0000000089f00000| Untracked 
| 146|0x000000008a000000, 0x000000008a000000, 0x000000008a100000|  0%| F|  |TAMS 0x000000008a000000, 0x000000008a000000| Untracked 
| 147|0x000000008a100000, 0x000000008a100000, 0x000000008a200000|  0%| F|  |TAMS 0x000000008a100000, 0x000000008a100000| Untracked 
| 148|0x000000008a200000, 0x000000008a200000, 0x000000008a300000|  0%| F|  |TAMS 0x000000008a200000, 0x000000008a200000| Untracked 
| 149|0x000000008a300000, 0x000000008a300000, 0x000000008a400000|  0%| F|  |TAMS 0x000000008a300000, 0x000000008a300000| Untracked 
| 150|0x000000008a400000, 0x000000008a400000, 0x000000008a500000|  0%| F|  |TAMS 0x000000008a400000, 0x000000008a400000| Untracked 
| 151|0x000000008a500000, 0x000000008a500000, 0x000000008a600000|  0%| F|  |TAMS 0x000000008a500000, 0x000000008a500000| Untracked 
| 152|0x000000008a600000, 0x000000008a600000, 0x000000008a700000|  0%| F|  |TAMS 0x000000008a600000, 0x000000008a600000| Untracked 
| 153|0x000000008a700000, 0x000000008a700000, 0x000000008a800000|  0%| F|  |TAMS 0x000000008a700000, 0x000000008a700000| Untracked 
| 154|0x000000008a800000, 0x000000008a800000, 0x000000008a900000|  0%| F|  |TAMS 0x000000008a800000, 0x000000008a800000| Untracked 
| 155|0x000000008a900000, 0x000000008a900000, 0x000000008aa00000|  0%| F|  |TAMS 0x000000008a900000, 0x000000008a900000| Untracked 
| 156|0x000000008aa00000, 0x000000008aa00000, 0x000000008ab00000|  0%| F|  |TAMS 0x000000008aa00000, 0x000000008aa00000| Untracked 
| 157|0x000000008ab00000, 0x000000008ab00000, 0x000000008ac00000|  0%| F|  |TAMS 0x000000008ab00000, 0x000000008ab00000| Untracked 
| 158|0x000000008ac00000, 0x000000008ac00000, 0x000000008ad00000|  0%| F|  |TAMS 0x000000008ac00000, 0x000000008ac00000| Untracked 
| 159|0x000000008ad00000, 0x000000008ad00000, 0x000000008ae00000|  0%| F|  |TAMS 0x000000008ad00000, 0x000000008ad00000| Untracked 
| 160|0x000000008ae00000, 0x000000008ae00000, 0x000000008af00000|  0%| F|  |TAMS 0x000000008ae00000, 0x000000008ae00000| Untracked 
| 161|0x000000008af00000, 0x000000008af00000, 0x000000008b000000|  0%| F|  |TAMS 0x000000008af00000, 0x000000008af00000| Untracked 
| 162|0x000000008b000000, 0x000000008b000000, 0x000000008b100000|  0%| F|  |TAMS 0x000000008b000000, 0x000000008b000000| Untracked 
| 163|0x000000008b100000, 0x000000008b100000, 0x000000008b200000|  0%| F|  |TAMS 0x000000008b100000, 0x000000008b100000| Untracked 
| 164|0x000000008b200000, 0x000000008b200000, 0x000000008b300000|  0%| F|  |TAMS 0x000000008b200000, 0x000000008b200000| Untracked 
| 165|0x000000008b300000, 0x000000008b300000, 0x000000008b400000|  0%| F|  |TAMS 0x000000008b300000, 0x000000008b300000| Untracked 
| 166|0x000000008b400000, 0x000000008b400000, 0x000000008b500000|  0%| F|  |TAMS 0x000000008b400000, 0x000000008b400000| Untracked 
| 167|0x000000008b500000, 0x000000008b500000, 0x000000008b600000|  0%| F|  |TAMS 0x000000008b500000, 0x000000008b500000| Untracked 
| 168|0x000000008b600000, 0x000000008b600000, 0x000000008b700000|  0%| F|  |TAMS 0x000000008b600000, 0x000000008b600000| Untracked 
| 169|0x000000008b700000, 0x000000008b700000, 0x000000008b800000|  0%| F|  |TAMS 0x000000008b700000, 0x000000008b700000| Untracked 
| 170|0x000000008b800000, 0x000000008b800000, 0x000000008b900000|  0%| F|  |TAMS 0x000000008b800000, 0x000000008b800000| Untracked 
| 171|0x000000008b900000, 0x000000008b900000, 0x000000008ba00000|  0%| F|  |TAMS 0x000000008b900000, 0x000000008b900000| Untracked 
| 172|0x000000008ba00000, 0x000000008ba00000, 0x000000008bb00000|  0%| F|  |TAMS 0x000000008ba00000, 0x000000008ba00000| Untracked 
| 173|0x000000008bb00000, 0x000000008bb00000, 0x000000008bc00000|  0%| F|  |TAMS 0x000000008bb00000, 0x000000008bb00000| Untracked 
| 174|0x000000008bc00000, 0x000000008bc00000, 0x000000008bd00000|  0%| F|  |TAMS 0x000000008bc00000, 0x000000008bc00000| Untracked 
| 175|0x000000008bd00000, 0x000000008bd00000, 0x000000008be00000|  0%| F|  |TAMS 0x000000008bd00000, 0x000000008bd00000| Untracked 
| 176|0x000000008be00000, 0x000000008be00000, 0x000000008bf00000|  0%| F|  |TAMS 0x000000008be00000, 0x000000008be00000| Untracked 
| 177|0x000000008bf00000, 0x000000008bf00000, 0x000000008c000000|  0%| F|  |TAMS 0x000000008bf00000, 0x000000008bf00000| Untracked 
| 178|0x000000008c000000, 0x000000008c000000, 0x000000008c100000|  0%| F|  |TAMS 0x000000008c000000, 0x000000008c000000| Untracked 
| 179|0x000000008c100000, 0x000000008c180800, 0x000000008c200000| 50%| E|  |TAMS 0x000000008c100000, 0x000000008c100000| Complete 
| 180|0x000000008c200000, 0x000000008c300000, 0x000000008c300000|100%| E|CS|TAMS 0x000000008c200000, 0x000000008c200000| Complete 
| 181|0x000000008c300000, 0x000000008c400000, 0x000000008c400000|100%| E|CS|TAMS 0x000000008c300000, 0x000000008c300000| Complete 
| 182|0x000000008c400000, 0x000000008c500000, 0x000000008c500000|100%| E|CS|TAMS 0x000000008c400000, 0x000000008c400000| Complete 
| 183|0x000000008c500000, 0x000000008c600000, 0x000000008c600000|100%| E|CS|TAMS 0x000000008c500000, 0x000000008c500000| Complete 
| 184|0x000000008c600000, 0x000000008c700000, 0x000000008c700000|100%| E|CS|TAMS 0x000000008c600000, 0x000000008c600000| Complete 

Card table byte_map: [0x000001454ef50000,0x000001454f350000] _byte_map_base: 0x000001454eb49000

Marking Bits (Prev, Next): (CMBitMap*) 0x000001453c0b7c30, (CMBitMap*) 0x000001453c0b7bf8
 Prev Bits: [0x0000014551720000, 0x00000145536e8000)
 Next Bits: [0x000001454f750000, 0x0000014551718000)

Polling page: 0x0000014539ef0000

Metaspace:

Usage:
  Non-class:     69.63 MB capacity,    69.13 MB (>99%) used,   384.02 KB ( <1%) free+waste,   121.25 KB ( <1%) overhead. 
      Class:      8.82 MB capacity,     8.51 MB ( 96%) used,   269.24 KB (  3%) free+waste,    49.63 KB ( <1%) overhead. 
       Both:     78.45 MB capacity,    77.64 MB ( 99%) used,   653.26 KB ( <1%) free+waste,   170.88 KB ( <1%) overhead. 

Virtual space:
  Non-class space:       70.00 MB reserved,      69.75 MB (>99%) committed 
      Class space:        1.00 GB reserved,       8.88 MB ( <1%) committed 
             Both:        1.07 GB reserved,      78.63 MB (  7%) committed 

Chunk freelists:
   Non-Class:  63.00 KB
       Class:  24.00 KB
        Both:  87.00 KB

MaxMetaspaceSize: 17179869184.00 GB
CompressedClassSpaceSize: 1.00 GB

CodeHeap 'non-profiled nmethods': size=120064Kb used=5290Kb max_used=5290Kb free=114773Kb
 bounds [0x0000014547610000, 0x0000014547b40000, 0x000001454eb50000]
CodeHeap 'profiled nmethods': size=120000Kb used=32617Kb max_used=32617Kb free=87382Kb
 bounds [0x00000145400e0000, 0x00000145420c0000, 0x0000014547610000]
CodeHeap 'non-nmethods': size=5696Kb used=1276Kb max_used=1312Kb free=4419Kb
 bounds [0x000001453fb50000, 0x000001453fdc0000, 0x00000145400e0000]
 total_blobs=11902 nmethods=11248 adapters=561
 compilation: enabled
              stopped_count=0, restarted_count=0
 full_count=0

Compilation events (20 events):
Event: 9.792 Thread 0x00000145564a9800 11192       1       org.jetbrains.kotlin.codegen.inline.MaxStackFrameSizeAndLocalsCalculator$LabelWrapper::access$800 (5 bytes)
Event: 9.792 Thread 0x00000145564a9800 nmethod 11192 0x0000014547b36e10 code [0x0000014547b36fc0, 0x0000014547b37058]
Event: 9.792 Thread 0x00000145564a9800 11194       3       org.jetbrains.org.objectweb.asm.tree.analysis.Frame::getLocal (42 bytes)
Event: 9.792 Thread 0x00000145564a9800 nmethod 11194 0x0000014542074310 code [0x0000014542074580, 0x0000014542074e38]
Event: 9.792 Thread 0x00000145564a9800 11196       3       org.jetbrains.kotlin.codegen.optimization.common.OptimizationBasicInterpreter::newValue (145 bytes)
Event: 9.793 Thread 0x00000145564a9800 nmethod 11196 0x0000014542075210 code [0x00000145420754e0, 0x0000014542076318]
Event: 9.793 Thread 0x00000145564a9800 11195       3       org.jetbrains.kotlin.codegen.coroutines.UninitializedStoresProcessor::getUninitializedValueForConstructorCall (218 bytes)
Event: 9.794 Thread 0x00000145564a9800 nmethod 11195 0x0000014542076790 code [0x0000014542076b20, 0x00000145420786e8]
Event: 9.794 Thread 0x00000145564a9800 11198       3       org.jetbrains.kotlin.codegen.pseudoInsns.PseudoInsnsKt::parsePseudoInsnOrNull (36 bytes)
Event: 9.794 Thread 0x00000145564a9800 nmethod 11198 0x0000014542078f10 code [0x0000014542079180, 0x0000014542079a28]
Event: 9.795 Thread 0x00000145564a9800 11199       3       org.jetbrains.kotlin.codegen.pseudoInsns.PseudoInsnsKt::isPseudoInsn (45 bytes)
Event: 9.795 Thread 0x00000145564a9800 nmethod 11199 0x0000014542079d10 code [0x0000014542079f80, 0x000001454207a928]
Event: 9.795 Thread 0x00000145564a9800 11193       1       org.jetbrains.kotlin.codegen.inline.MaxStackFrameSizeAndLocalsCalculator$ControlFlowEdge::access$900 (5 bytes)
Event: 9.795 Thread 0x00000145564a9800 nmethod 11193 0x0000014547b37110 code [0x0000014547b372c0, 0x0000014547b37358]
Event: 9.795 Thread 0x00000145564a9800 11200       1       org.jetbrains.kotlin.codegen.inline.MaxStackFrameSizeAndLocalsCalculator$ControlFlowEdge::access$1000 (5 bytes)
Event: 9.795 Thread 0x00000145564a9800 nmethod 11200 0x0000014547b37410 code [0x0000014547b375c0, 0x0000014547b37658]
Event: 9.795 Thread 0x00000145564a9800 11201       1       org.jetbrains.kotlin.codegen.inline.MaxStackFrameSizeAndLocalsCalculator$ControlFlowEdge::access$1100 (5 bytes)
Event: 9.795 Thread 0x00000145564a9800 nmethod 11201 0x0000014547b37710 code [0x0000014547b378c0, 0x0000014547b37958]
Event: 9.795 Thread 0x00000145564a9800 11197       1       org.jetbrains.org.objectweb.asm.tree.analysis.BasicValue::getType (5 bytes)
Event: 9.795 Thread 0x00000145564a9800 nmethod 11197 0x0000014547b37a10 code [0x0000014547b37bc0, 0x0000014547b37c78]

GC Heap History (20 events):
Event: 0.490 GC heap before
{Heap before GC invocations=0 (full 0):
 garbage-first heap   total 131072K, used 17408K [0x0000000080e00000, 0x0000000100000000)
  region size 1024K, 14 young (14336K), 0 survivors (0K)
 Metaspace       used 9787K, capacity 9871K, committed 10112K, reserved 1058816K
  class space    used 829K, capacity 884K, committed 896K, reserved 1048576K
}
Event: 0.492 GC heap after
{Heap after GC invocations=1 (full 0):
 garbage-first heap   total 131072K, used 5156K [0x0000000080e00000, 0x0000000100000000)
  region size 1024K, 2 young (2048K), 2 survivors (2048K)
 Metaspace       used 9787K, capacity 9871K, committed 10112K, reserved 1058816K
  class space    used 829K, capacity 884K, committed 896K, reserved 1048576K
}
Event: 1.460 GC heap before
{Heap before GC invocations=1 (full 0):
 garbage-first heap   total 131072K, used 51236K [0x0000000080e00000, 0x0000000100000000)
  region size 1024K, 48 young (49152K), 2 survivors (2048K)
 Metaspace       used 20932K, capacity 21102K, committed 21248K, reserved 1069056K
  class space    used 2220K, capacity 2286K, committed 2304K, reserved 1048576K
}
Event: 1.470 GC heap after
{Heap after GC invocations=2 (full 0):
 garbage-first heap   total 131072K, used 9478K [0x0000000080e00000, 0x0000000100000000)
  region size 1024K, 7 young (7168K), 7 survivors (7168K)
 Metaspace       used 20932K, capacity 21102K, committed 21248K, reserved 1069056K
  class space    used 2220K, capacity 2286K, committed 2304K, reserved 1048576K
}
Event: 2.442 GC heap before
{Heap before GC invocations=3 (full 0):
 garbage-first heap   total 131072K, used 71942K [0x0000000080e00000, 0x0000000100000000)
  region size 1024K, 56 young (57344K), 7 survivors (7168K)
 Metaspace       used 30864K, capacity 31211K, committed 31488K, reserved 1077248K
  class space    used 3660K, capacity 3793K, committed 3840K, reserved 1048576K
}
Event: 2.456 GC heap after
{Heap after GC invocations=4 (full 0):
 garbage-first heap   total 131072K, used 24046K [0x0000000080e00000, 0x0000000100000000)
  region size 1024K, 7 young (7168K), 7 survivors (7168K)
 Metaspace       used 30864K, capacity 31211K, committed 31488K, reserved 1077248K
  class space    used 3660K, capacity 3793K, committed 3840K, reserved 1048576K
}
Event: 2.807 GC heap before
{Heap before GC invocations=4 (full 0):
 garbage-first heap   total 131072K, used 43502K [0x0000000080e00000, 0x0000000100000000)
  region size 1024K, 27 young (27648K), 7 survivors (7168K)
 Metaspace       used 34975K, capacity 35407K, committed 35584K, reserved 1081344K
  class space    used 4086K, capacity 4251K, committed 4352K, reserved 1048576K
}
Event: 2.814 GC heap after
{Heap after GC invocations=5 (full 0):
 garbage-first heap   total 131072K, used 24245K [0x0000000080e00000, 0x0000000100000000)
  region size 1024K, 3 young (3072K), 3 survivors (3072K)
 Metaspace       used 34975K, capacity 35407K, committed 35584K, reserved 1081344K
  class space    used 4086K, capacity 4251K, committed 4352K, reserved 1048576K
}
Event: 3.792 GC heap before
{Heap before GC invocations=6 (full 0):
 garbage-first heap   total 131072K, used 95925K [0x0000000080e00000, 0x0000000100000000)
  region size 1024K, 72 young (73728K), 3 survivors (3072K)
 Metaspace       used 45755K, capacity 46259K, committed 46592K, reserved 1089536K
  class space    used 5342K, capacity 5513K, committed 5632K, reserved 1048576K
}
Event: 3.802 GC heap after
{Heap after GC invocations=7 (full 0):
 garbage-first heap   total 131072K, used 28591K [0x0000000080e00000, 0x0000000100000000)
  region size 1024K, 7 young (7168K), 7 survivors (7168K)
 Metaspace       used 45755K, capacity 46259K, committed 46592K, reserved 1089536K
  class space    used 5342K, capacity 5513K, committed 5632K, reserved 1048576K
}
Event: 5.139 GC heap before
{Heap before GC invocations=7 (full 0):
 garbage-first heap   total 131072K, used 97199K [0x0000000080e00000, 0x0000000100000000)
  region size 1024K, 72 young (73728K), 7 survivors (7168K)
 Metaspace       used 54203K, capacity 54759K, committed 54912K, reserved 1097728K
  class space    used 6247K, capacity 6489K, committed 6528K, reserved 1048576K
}
Event: 5.157 GC heap after
{Heap after GC invocations=8 (full 0):
 garbage-first heap   total 157696K, used 41045K [0x0000000080e00000, 0x0000000100000000)
  region size 1024K, 9 young (9216K), 9 survivors (9216K)
 Metaspace       used 54203K, capacity 54759K, committed 54912K, reserved 1097728K
  class space    used 6247K, capacity 6489K, committed 6528K, reserved 1048576K
}
Event: 6.273 GC heap before
{Heap before GC invocations=8 (full 0):
 garbage-first heap   total 157696K, used 90197K [0x0000000080e00000, 0x0000000100000000)
  region size 1024K, 58 young (59392K), 9 survivors (9216K)
 Metaspace       used 58895K, capacity 59547K, committed 59648K, reserved 1101824K
  class space    used 6840K, capacity 7122K, committed 7168K, reserved 1048576K
}
Event: 6.300 GC heap after
{Heap after GC invocations=9 (full 0):
 garbage-first heap   total 157696K, used 48951K [0x0000000080e00000, 0x0000000100000000)
  region size 1024K, 7 young (7168K), 7 survivors (7168K)
 Metaspace       used 58895K, capacity 59547K, committed 59648K, reserved 1101824K
  class space    used 6840K, capacity 7122K, committed 7168K, reserved 1048576K
}
Event: 7.942 GC heap before
{Heap before GC invocations=10 (full 0):
 garbage-first heap   total 157696K, used 109367K [0x0000000080e00000, 0x0000000100000000)
  region size 1024K, 66 young (67584K), 7 survivors (7168K)
 Metaspace       used 67580K, capacity 68333K, committed 68352K, reserved 1110016K
  class space    used 7633K, capacity 7935K, committed 7936K, reserved 1048576K
}
Event: 7.956 GC heap after
{Heap after GC invocations=11 (full 0):
 garbage-first heap   total 157696K, used 55206K [0x0000000080e00000, 0x0000000100000000)
  region size 1024K, 6 young (6144K), 6 survivors (6144K)
 Metaspace       used 67580K, capacity 68333K, committed 68352K, reserved 1110016K
  class space    used 7633K, capacity 7935K, committed 7936K, reserved 1048576K
}
Event: 8.969 GC heap before
{Heap before GC invocations=11 (full 0):
 garbage-first heap   total 157696K, used 114598K [0x0000000080e00000, 0x0000000100000000)
  region size 1024K, 64 young (65536K), 6 survivors (6144K)
 Metaspace       used 73749K, capacity 74545K, committed 74624K, reserved 1116160K
  class space    used 8253K, capacity 8576K, committed 8576K, reserved 1048576K
}
Event: 8.983 GC heap after
{Heap after GC invocations=12 (full 0):
 garbage-first heap   total 157696K, used 61908K [0x0000000080e00000, 0x0000000100000000)
  region size 1024K, 6 young (6144K), 6 survivors (6144K)
 Metaspace       used 73749K, capacity 74545K, committed 74624K, reserved 1116160K
  class space    used 8253K, capacity 8576K, committed 8576K, reserved 1048576K
}
Event: 9.767 GC heap before
{Heap before GC invocations=12 (full 0):
 garbage-first heap   total 157696K, used 119252K [0x0000000080e00000, 0x0000000100000000)
  region size 1024K, 62 young (63488K), 6 survivors (6144K)
 Metaspace       used 78704K, capacity 79493K, committed 79744K, reserved 1120256K
  class space    used 8650K, capacity 8967K, committed 9088K, reserved 1048576K
}
Event: 9.778 GC heap after
{Heap after GC invocations=13 (full 0):
 garbage-first heap   total 189440K, used 65280K [0x0000000080e00000, 0x0000000100000000)
  region size 1024K, 4 young (4096K), 4 survivors (4096K)
 Metaspace       used 78704K, capacity 79493K, committed 79744K, reserved 1120256K
  class space    used 8650K, capacity 8967K, committed 9088K, reserved 1048576K
}

Deoptimization events (20 events):
Event: 9.690 Thread 0x000001453c076800 Uncommon trap: trap_request=0xffffffc6 fr.pc=0x0000014547991f48 relative=0x00000000000009c8
Event: 9.690 Thread 0x000001453c076800 Uncommon trap: reason=bimorphic_or_optimized_type_check action=maybe_recompile pc=0x0000014547991f48 method=org.jetbrains.kotlin.util.slicedMap.SlicedMapImpl.put(Lorg/jetbrains/kotlin/util/slicedMap/WritableSlice;Ljava/lang/Object;Ljava/lang/Object;)V @ 5
Event: 9.690 Thread 0x000001453c076800 DEOPT PACKING pc=0x0000014547991f48 sp=0x0000001dbe3fdf50
Event: 9.690 Thread 0x000001453c076800 DEOPT UNPACKING pc=0x000001453fb778af sp=0x0000001dbe3fdf40 mode 2
Event: 9.690 Thread 0x000001453c076800 Uncommon trap: trap_request=0xffffff4d fr.pc=0x000001454791f980 relative=0x0000000000000b20
Event: 9.690 Thread 0x000001453c076800 Uncommon trap: reason=unstable_if action=reinterpret pc=0x000001454791f980 method=org.jetbrains.kotlin.utils.SmartSet.add(Ljava/lang/Object;)Z @ 32 c2
Event: 9.690 Thread 0x000001453c076800 DEOPT PACKING pc=0x000001454791f980 sp=0x0000001dbe3fdf60
Event: 9.690 Thread 0x000001453c076800 DEOPT UNPACKING pc=0x000001453fb778af sp=0x0000001dbe3fdf20 mode 2
Event: 9.707 Thread 0x000001453c076800 Uncommon trap: trap_request=0xffffffcc fr.pc=0x0000014547b2a850 relative=0x0000000000000290
Event: 9.707 Thread 0x000001453c076800 Uncommon trap: reason=intrinsic_or_type_checked_inlining action=make_not_entrant pc=0x0000014547b2a850 method=java.util.ArrayList.toArray([Ljava/lang/Object;)[Ljava/lang/Object; @ 36 c2
Event: 9.707 Thread 0x000001453c076800 DEOPT PACKING pc=0x0000014547b2a850 sp=0x0000001dbe3fd2d0
Event: 9.707 Thread 0x000001453c076800 DEOPT UNPACKING pc=0x000001453fb778af sp=0x0000001dbe3fd270 mode 2
Event: 9.790 Thread 0x000001453c076800 Uncommon trap: trap_request=0xffffffdc fr.pc=0x0000014547b2dcf8 relative=0x0000000000000238
Event: 9.790 Thread 0x000001453c076800 Uncommon trap: reason=class_check action=make_not_entrant pc=0x0000014547b2dcf8 method=java.util.ArrayList.toArray([Ljava/lang/Object;)[Ljava/lang/Object; @ 21 c2
Event: 9.790 Thread 0x000001453c076800 DEOPT PACKING pc=0x0000014547b2dcf8 sp=0x0000001dbe3fcfe0
Event: 9.790 Thread 0x000001453c076800 DEOPT UNPACKING pc=0x000001453fb778af sp=0x0000001dbe3fcfb0 mode 2
Event: 9.798 Thread 0x000001453c076800 Uncommon trap: trap_request=0xffffffc6 fr.pc=0x0000014547991f48 relative=0x00000000000009c8
Event: 9.798 Thread 0x000001453c076800 Uncommon trap: reason=bimorphic_or_optimized_type_check action=maybe_recompile pc=0x0000014547991f48 method=org.jetbrains.kotlin.util.slicedMap.SlicedMapImpl.put(Lorg/jetbrains/kotlin/util/slicedMap/WritableSlice;Ljava/lang/Object;Ljava/lang/Object;)V @ 5
Event: 9.798 Thread 0x000001453c076800 DEOPT PACKING pc=0x0000014547991f48 sp=0x0000001dbe3fdf70
Event: 9.798 Thread 0x000001453c076800 DEOPT UNPACKING pc=0x000001453fb778af sp=0x0000001dbe3fdf60 mode 2

Classes redefined (0 events):
No events

Internal exceptions (20 events):
Event: 5.467 Thread 0x000001453c076800 Exception <a 'java/lang/NoSuchMethodError'{0x000000008a1987b8}: 'java.lang.Object java.lang.invoke.DirectMethodHandle$Holder.invokeStatic(java.lang.Object, int, java.lang.Object, java.lang.Object)'> (0x000000008a1987b8) thrown at [./src/hotspot/share/interpreter/linkResolver.cpp, line 773]
Event: 5.468 Thread 0x000001453c076800 Exception <a 'java/lang/NoSuchMethodError'{0x000000008a1a2c98}: 'int java.lang.invoke.DirectMethodHandle$Holder.invokeInterface(java.lang.Object, java.lang.Object)'> (0x000000008a1a2c98) thrown at [./src/hotspot/share/interpreter/linkResolver.cpp, line 773]
Event: 5.634 Thread 0x000001453c076800 Exception <a 'java/lang/NoSuchMethodError'{0x000000008978a1c8}: 'java.lang.Object java.lang.invoke.Invokers$Holder.linkToTargetMethod(java.lang.Object, java.lang.Object, java.lang.Object, java.lang.Object, java.lang.Object, java.lang.Object)'> (0x000000008978a1c8) thrown at [./src/hotspot/share/interpreter/linkResolver.cpp, line 773]
Event: 5.757 Thread 0x000001453c076800 Exception <a 'java/lang/NoSuchMethodError'{0x0000000088b17cc8}: 'java.lang.Object java.lang.invoke.Invokers$Holder.linkToTargetMethod(java.lang.Object, java.lang.Object, java.lang.Object, java.lang.Object, java.lang.Object, java.lang.Object, java.lang.Object)'> (0x0000000088b17cc8) thrown at [./src/hotspot/share/interpreter/linkResolver.cpp, line 773]
Event: 5.819 Thread 0x000001453c076800 Implicit null exception at 0x000001454784ebbc to 0x000001454784f664
Event: 5.835 Thread 0x000001453c076800 Implicit null exception at 0x000001454773eacc to 0x000001454773eba8
Event: 5.860 Thread 0x000001453c076800 Exception <a 'java/lang/NoSuchMethodError'{0x0000000088720aa0}: 'int java.lang.invoke.DirectMethodHandle$Holder.invokeStaticInit(java.lang.Object, int)'> (0x0000000088720aa0) thrown at [./src/hotspot/share/interpreter/linkResolver.cpp, line 773]
Event: 5.878 Thread 0x000001453c076800 Implicit null exception at 0x000001454766d25e to 0x000001454766d9ca
Event: 5.878 Thread 0x000001453c076800 Implicit null exception at 0x000001454765132f to 0x000001454765139d
Event: 5.925 Thread 0x000001453c076800 Exception <a 'java/lang/NoSuchMethodError'{0x0000000088408cc8}: 'int java.lang.invoke.DirectMethodHandle$Holder.invokeVirtual(java.lang.Object, java.lang.Object, java.lang.Object)'> (0x0000000088408cc8) thrown at [./src/hotspot/share/interpreter/linkResolver.cpp, line 773]
Event: 6.033 Thread 0x000001453c076800 Exception <a 'java/lang/IncompatibleClassChangeError'{0x000000008803f568}: Found class java.lang.Object, but interface was expected> (0x000000008803f568) thrown at [./src/hotspot/share/interpreter/linkResolver.cpp, line 839]
Event: 6.387 Thread 0x000001453c076800 Exception <a 'java/lang/NoSuchMethodError'{0x000000008a550a98}: 'java.lang.Object java.lang.invoke.DirectMethodHandle$Holder.invokeInterface(java.lang.Object, java.lang.Object, java.lang.Object)'> (0x000000008a550a98) thrown at [./src/hotspot/share/interpreter/linkResolver.cpp, line 773]
Event: 6.418 Thread 0x000001453c076800 Exception <a 'java/lang/IncompatibleClassChangeError'{0x000000008a474bf0}: Found class java.lang.Object, but interface was expected> (0x000000008a474bf0) thrown at [./src/hotspot/share/interpreter/linkResolver.cpp, line 839]
Event: 7.039 Thread 0x000001453c076800 Implicit null exception at 0x00000145476682f5 to 0x00000145476684bc
Event: 7.211 Thread 0x000001453c076800 Implicit null exception at 0x000001454785ff7b to 0x0000014547860248
Event: 7.376 Thread 0x000001453c076800 Implicit null exception at 0x00000145477ea4d2 to 0x00000145477ea78f
Event: 8.081 Thread 0x000001453c076800 Implicit null exception at 0x0000014547674974 to 0x0000014547674b8c
Event: 8.899 Thread 0x000001453c076800 Implicit null exception at 0x0000014547a8fef2 to 0x0000014547a8ff9d
Event: 9.257 Thread 0x000001453c076800 Implicit null exception at 0x0000014547abad56 to 0x0000014547abaf82
Event: 9.676 Thread 0x000001453c076800 Implicit null exception at 0x000001454782b603 to 0x000001454782b7e8

Events (20 events):
Event: 9.796 loading class org/jetbrains/kotlin/codegen/DescriptorAsmUtil$2
Event: 9.796 loading class org/jetbrains/kotlin/codegen/DescriptorAsmUtil$2 done
Event: 9.797 loading class org/jetbrains/kotlin/ir/descriptors/IrBasedFieldDescriptor
Event: 9.797 loading class org/jetbrains/kotlin/ir/descriptors/IrBasedFieldDescriptor done
Event: 9.798 loading class org/jetbrains/kotlin/backend/jvm/JvmLoweredDeclarationOrigin$CONTINUATION_CLASS_RESULT_FIELD
Event: 9.798 loading class org/jetbrains/kotlin/backend/jvm/JvmLoweredDeclarationOrigin$CONTINUATION_CLASS_RESULT_FIELD done
Event: 9.798 loading class org/jetbrains/kotlin/backend/jvm/JvmLoweredDeclarationOrigin$FIELD_FOR_STATIC_CALLABLE_REFERENCE_INSTANCE
Event: 9.798 loading class org/jetbrains/kotlin/backend/jvm/JvmLoweredDeclarationOrigin$FIELD_FOR_STATIC_CALLABLE_REFERENCE_INSTANCE done
Event: 9.798 loading class org/jetbrains/kotlin/backend/jvm/codegen/ClassCodegen$generateField$1
Event: 9.798 loading class org/jetbrains/kotlin/backend/jvm/codegen/ClassCodegen$generateField$1 done
Event: 9.799 loading class org/jetbrains/annotations/NotNull
Event: 9.799 loading class org/jetbrains/annotations/NotNull done
Event: 9.799 loading class org/jetbrains/kotlin/backend/jvm/codegen/ClassCodegen$generate$3
Event: 9.799 loading class org/jetbrains/kotlin/backend/jvm/codegen/ClassCodegen$generate$3 done
Event: 9.799 loading class org/jetbrains/kotlin/backend/jvm/codegen/ClassCodegen$generate$4
Event: 9.799 loading class org/jetbrains/kotlin/backend/jvm/codegen/ClassCodegen$generate$4 done
Event: 9.800 loading class org/jetbrains/kotlin/ir/declarations/MetadataSource$Script
Event: 9.800 loading class org/jetbrains/kotlin/ir/declarations/MetadataSource$Script done
Event: 9.800 loading class org/jetbrains/kotlin/backend/jvm/codegen/ClassCodegen$generateKotlinMetadataAnnotation$1
Event: 9.800 loading class org/jetbrains/kotlin/backend/jvm/codegen/ClassCodegen$generateKotlinMetadataAnnotation$1 done


Dynamic libraries:
0x00007ff60cd50000 - 0x00007ff60cd5a000 	C:\Program Files\Android\Android Studio\jre\bin\java.exe
0x00007ffea9490000 - 0x00007ffea967d000 	C:\Windows\SYSTEM32\ntdll.dll
0x00007ffe89cb0000 - 0x00007ffe89cc5000 	C:\Program Files\Avast Software\Avast\aswhook.dll
0x00007ffea7880000 - 0x00007ffea7934000 	C:\Windows\System32\KERNEL32.DLL
0x00007ffea5f60000 - 0x00007ffea61f5000 	C:\Windows\System32\KERNELBASE.dll
0x00007ffea65a0000 - 0x00007ffea669a000 	C:\Windows\System32\ucrtbase.dll
0x00007ffe97bb0000 - 0x00007ffe97bc9000 	C:\Program Files\Android\Android Studio\jre\bin\jli.dll
0x00007ffe97b90000 - 0x00007ffe97ba7000 	C:\Program Files\Android\Android Studio\jre\bin\VCRUNTIME140.dll
0x00007ffea7200000 - 0x00007ffea7397000 	C:\Windows\System32\USER32.dll
0x00007ffea5f40000 - 0x00007ffea5f60000 	C:\Windows\System32\win32u.dll
0x00007ffe97eb0000 - 0x00007ffe98129000 	C:\Windows\WinSxS\amd64_microsoft.windows.common-controls_6595b64144ccf1df_6.0.17763.2237_none_de70457e534c3aa8\COMCTL32.dll
0x00007ffea6d50000 - 0x00007ffea6d79000 	C:\Windows\System32\GDI32.dll
0x00007ffea6980000 - 0x00007ffea6a1e000 	C:\Windows\System32\msvcrt.dll
0x00007ffea5600000 - 0x00007ffea579c000 	C:\Windows\System32\gdi32full.dll
0x00007ffea6a20000 - 0x00007ffea6d4d000 	C:\Windows\System32\combase.dll
0x00007ffea6200000 - 0x00007ffea62a0000 	C:\Windows\System32\msvcp_win.dll
0x00007ffea74d0000 - 0x00007ffea75ef000 	C:\Windows\System32\RPCRT4.dll
0x00007ffea64e0000 - 0x00007ffea6562000 	C:\Windows\System32\bcryptPrimitives.dll
0x00007ffea6e20000 - 0x00007ffea6e4e000 	C:\Windows\System32\IMM32.DLL
0x00007ffe8c9b0000 - 0x00007ffe8ca4d000 	C:\Program Files\Android\Android Studio\jre\bin\msvcp140.dll
0x00007ffe78f10000 - 0x00007ffe799df000 	C:\Program Files\Android\Android Studio\jre\bin\server\jvm.dll
0x00007ffea6ec0000 - 0x00007ffea6f64000 	C:\Windows\System32\ADVAPI32.dll
0x00007ffea93c0000 - 0x00007ffea945e000 	C:\Windows\System32\sechost.dll
0x00007ffea6d90000 - 0x00007ffea6d98000 	C:\Windows\System32\PSAPI.DLL
0x00007ffe952a0000 - 0x00007ffe952a9000 	C:\Windows\SYSTEM32\WSOCK32.dll
0x00007ffea3400000 - 0x00007ffea3424000 	C:\Windows\SYSTEM32\WINMM.dll
0x00007ffea0cb0000 - 0x00007ffea0cba000 	C:\Windows\SYSTEM32\VERSION.dll
0x00007ffea6e50000 - 0x00007ffea6ebd000 	C:\Windows\System32\WS2_32.dll
0x00007ffea33d0000 - 0x00007ffea33fd000 	C:\Windows\SYSTEM32\WINMMBASE.dll
0x00007ffea5ef0000 - 0x00007ffea5f3a000 	C:\Windows\System32\cfgmgr32.dll
0x00007ffea5480000 - 0x00007ffea5491000 	C:\Windows\System32\kernel.appcore.dll
0x00007ffe836f0000 - 0x00007ffe83701000 	C:\Program Files\Android\Android Studio\jre\bin\verify.dll
0x00007ffe9f0f0000 - 0x00007ffe9f2dd000 	C:\Windows\SYSTEM32\DBGHELP.DLL
0x00007ffe9f420000 - 0x00007ffe9f44a000 	C:\Windows\SYSTEM32\dbgcore.DLL
0x00007ffe7b550000 - 0x00007ffe7b579000 	C:\Program Files\Android\Android Studio\jre\bin\java.dll
0x00007ffe88f80000 - 0x00007ffe88f8b000 	C:\Program Files\Android\Android Studio\jre\bin\jimage.dll
0x00007ffe836d0000 - 0x00007ffe836e8000 	C:\Program Files\Android\Android Studio\jre\bin\zip.dll
0x00007ffea7ec0000 - 0x00007ffea93b8000 	C:\Windows\System32\SHELL32.dll
0x00007ffea70e0000 - 0x00007ffea7188000 	C:\Windows\System32\shcore.dll
0x00007ffea57a0000 - 0x00007ffea5eea000 	C:\Windows\System32\windows.storage.dll
0x00007ffea5500000 - 0x00007ffea5524000 	C:\Windows\System32\profapi.dll
0x00007ffea54a0000 - 0x00007ffea54fd000 	C:\Windows\System32\powrprof.dll
0x00007ffea71a0000 - 0x00007ffea71f2000 	C:\Windows\System32\shlwapi.dll
0x00007ffea66a0000 - 0x00007ffea66b7000 	C:\Windows\System32\cryptsp.dll
0x00007ffe8bf80000 - 0x00007ffe8bf9a000 	C:\Program Files\Android\Android Studio\jre\bin\net.dll
0x00007ffe9f750000 - 0x00007ffe9f841000 	C:\Windows\SYSTEM32\WINHTTP.dll
0x00007ffea4cd0000 - 0x00007ffea4d37000 	C:\Windows\system32\mswsock.dll
0x00007ffe8bf60000 - 0x00007ffe8bf74000 	C:\Program Files\Android\Android Studio\jre\bin\nio.dll

dbghelp: loaded successfully - version: 4.0.5 - missing functions: none
symbol engine: initialized successfully - sym options: 0x614 - pdb path: .;C:\Program Files\Android\Android Studio\jre\bin;C:\Windows\SYSTEM32;C:\Program Files\Avast Software\Avast;C:\Windows\WinSxS\amd64_microsoft.windows.common-controls_6595b64144ccf1df_6.0.17763.2237_none_de70457e534c3aa8;C:\Program Files\Android\Android Studio\jre\bin\server

VM Arguments:
java_command: org.jetbrains.kotlin.cli.jvm.K2JVMCompiler @C:\Users\User\AndroidStudioProjects\FragmentsWithAppsKotlin\app\build\20211021_9680203988773309965.compiler.options
java_class_path (initial): C:\Users\User\.gradle\caches\modules-2\files-2.1\org.jetbrains.kotlin\kotlin-compiler-embeddable\1.5.20\1900e8b9aca0a9caffd45b99b36e3720a0a284f8\kotlin-compiler-embeddable-1.5.20.jar;C:\Users\User\.gradle\caches\modules-2\files-2.1\org.jetbrains.kotlin\kotlin-reflect\1.5.20\63810951f09a27f7827977f1bc21094042a915e\kotlin-reflect-1.5.20.jar;C:\Users\User\.gradle\caches\modules-2\files-2.1\org.jetbrains.kotlin\kotlin-stdlib\1.5.20\9de35cc611bcecec8edce1d56d8e659953806751\kotlin-stdlib-1.5.20.jar;C:\Users\User\.gradle\caches\modules-2\files-2.1\org.jetbrains.kotlin\kotlin-script-runtime\1.5.20\4381bb58d37b84d4d1afe55ec35542dd9b77e101\kotlin-script-runtime-1.5.20.jar;C:\Users\User\.gradle\caches\modules-2\files-2.1\org.jetbrains.kotlin\kotlin-daemon-embeddable\1.5.20\36c38cda019834dcd2959cc33a12768adcd94256\kotlin-daemon-embeddable-1.5.20.jar;C:\Users\User\.gradle\caches\modules-2\files-2.1\org.jetbrains.intellij.deps\trove4j\1.0.20181211\216c2e14b070f334479d800987affe4054cd563f\trove4j-1.0.20181211.jar;C:\Users\User\.gradle\caches\modules-2\files-2.1\org.jetbrains\annotations\13.0\919f0dfe192fb4e063e7dacadee7f8bb9a2672a9\annotations-13.0.jar;C:\Users\User\.gradle\caches\modules-2\files-2.1\org.jetbrains.kotlin\kotlin-stdlib-common\1.5.20\3d79dbd48bf605f4aac1e7028981a1953e245cbb\kotlin-stdlib-common-1.5.20.jar
Launcher Type: SUN_STANDARD

[Global flags]
     intx CICompilerCount                          = 3                                         {product} {ergonomic}
     uint ConcGCThreads                            = 1                                         {product} {ergonomic}
     uint G1ConcRefinementThreads                  = 4                                         {product} {ergonomic}
   size_t G1HeapRegionSize                         = 1048576                                   {product} {ergonomic}
    uintx GCDrainStackTargetSize                   = 64                                        {product} {ergonomic}
   size_t InitialHeapSize                          = 134217728                                 {product} {ergonomic}
   size_t MarkStackSize                            = 4194304                                   {product} {ergonomic}
   size_t MaxHeapSize                              = 2132803584                                {product} {ergonomic}
   size_t MaxNewSize                               = 1279262720                                {product} {ergonomic}
   size_t MinHeapDeltaBytes                        = 1048576                                   {product} {ergonomic}
    uintx NonNMethodCodeHeapSize                   = 5830732                                {pd product} {ergonomic}
    uintx NonProfiledCodeHeapSize                  = 122913754                              {pd product} {ergonomic}
    uintx ProfiledCodeHeapSize                     = 122913754                              {pd product} {ergonomic}
    uintx ReservedCodeCacheSize                    = 251658240                              {pd product} {ergonomic}
     bool SegmentedCodeCache                       = true                                      {product} {ergonomic}
     bool UseCompressedClassPointers               = true                                 {lp64_product} {ergonomic}
     bool UseCompressedOops                        = true                                 {lp64_product} {ergonomic}
     bool UseG1GC                                  = true                                      {product} {ergonomic}
     bool UseLargePagesIndividualAllocation        = false                                  {pd product} {ergonomic}

Logging:
Log output configuration:
 #0: stdout all=warning uptime,level,tags
 #1: stderr all=off uptime,level,tags

Environment Variables:
PATH=C:\Program Files\Common Files\Oracle\Java\javapath;C:\Program Files (x86)\Python38-32\Scripts\;C:\Program Files (x86)\Python38-32\;C:\Program Files (x86)\Common Files\Oracle\Java\javapath;C:\Windows\system32;C:\Windows;C:\Windows\System32\Wbem;C:\Windows\System32\WindowsPowerShell\v1.0\;C:\Windows\System32\OpenSSH\;C:\Program Files\Microsoft VS Code\bin;C:\Program Files\Git\cmd;C:\Program Files\nodejs\;C:\Users\User\AppData\Local\Microsoft\WindowsApps;
USERNAME=User
OS=Windows_NT
PROCESSOR_IDENTIFIER=Intel64 Family 6 Model 60 Stepping 3, GenuineIntel



---------------  S Y S T E M  ---------------

OS: Windows 10 , 64 bit Build 17763 (10.0.17763.2145)
OS uptime: 0 days 1:28 hours

CPU:total 4 (initial active 4) (4 cores per cpu, 1 threads per core) family 6 model 60 stepping 3 microcode 0x28, cmov, cx8, fxsr, mmx, sse, sse2, sse3, ssse3, sse4.1, sse4.2, popcnt, avx, avx2, aes, clmul, erms, lzcnt, tsc, tscinvbit, bmi1, bmi2, fma

Memory: 4k page, system-wide physical 8128M (438M free)
TotalPageFile size 10176M (AvailPageFile size 5M)
current process WorkingSet (physical memory assigned to process): 366M, peak: 366M
current process commit charge ("private bytes"): 421M, peak: 422M

vm_info: OpenJDK 64-Bit Server VM (11.0.10+0-b96-7249189) for windows-amd64 JRE (11.0.10+0-b96-7249189), built on Mar 31 2021 21:44:00 by "builder" with MS VC++ 14.0 (VS2015)

END.
