#
# There is insufficient memory for the Java Runtime Environment to continue.
# Native memory allocation (mmap) failed to map 70254592 bytes for Failed to commit area from 0x000000008de00000 to 0x0000000092100000 of length 70254592.
# Possible reasons:
#   The system is out of physical RAM or swap space
#   The process is running with CompressedOops enabled, and the Java Heap may be blocking the growth of the native heap
# Possible solutions:
#   Reduce memory load on the system
#   Increase physical memory or swap space
#   Check if swap backing store is full
#   Decrease Java heap size (-Xmx/-Xms)
#   Decrease number of Java threads
#   Decrease Java thread stack sizes (-Xss)
#   Set larger code cache with -XX:ReservedCodeCacheSize=
#   JVM is running with Unscaled Compressed Oops mode in which the Java heap is
#     placed in the first 4GB address space. The Java Heap base address is the
#     maximum limit for the native heap growth. Please use -XX:HeapBaseMinAddress
#     to set the Java Heap base and to place the Java Heap above 4GB virtual address.
# This output file may be truncated or incomplete.
#
#  Out of Memory Error (./src/hotspot/os/windows/os_windows.cpp:3301), pid=1364, tid=8596
#
# JRE version: OpenJDK Runtime Environment (11.0.10) (build 11.0.10+0-b96-7249189)
# Java VM: OpenJDK 64-Bit Server VM (11.0.10+0-b96-7249189, mixed mode, tiered, compressed oops, g1 gc, windows-amd64)
# No core dump will be written. Minidumps are not enabled by default on client versions of Windows
#

---------------  S U M M A R Y ------------

Command Line: --add-opens=java.base/java.util=ALL-UNNAMED --add-opens=java.base/java.lang=ALL-UNNAMED --add-opens=java.base/java.lang.invoke=ALL-UNNAMED --add-opens=java.base/java.util=ALL-UNNAMED --add-opens=java.prefs/java.util.prefs=ALL-UNNAMED --add-opens=java.prefs/java.util.prefs=ALL-UNNAMED --add-opens=java.base/java.nio.charset=ALL-UNNAMED --add-opens=java.base/java.net=ALL-UNNAMED --add-opens=java.base/java.util.concurrent.atomic=ALL-UNNAMED -Xmx2048m -Dfile.encoding=UTF-8 -Duser.country=RU -Duser.language=ru -Duser.variant org.gradle.launcher.daemon.bootstrap.GradleDaemon 7.0.2

Host: Intel(R) Core(TM) i5-4590 CPU @ 3.30GHz, 4 cores, 7G,  Windows 10 , 64 bit Build 17763 (10.0.17763.2145)
Time: Thu Oct 21 20:08:03 2021 Iineia noaiaa?oiia a?aiy elapsed time: 510.573169 seconds (0d 0h 8m 30s)

---------------  T H R E A D  ---------------

Current thread (0x00000208fec75800):  VMThread "VM Thread" [stack: 0x000000ed14200000,0x000000ed14300000] [id=8596]

Stack: [0x000000ed14200000,0x000000ed14300000]
[error occurred during error reporting (printing stack bounds), id 0xc0000005, EXCEPTION_ACCESS_VIOLATION (0xc0000005) at pc=0x0000020880000f2d]

Native frames: (J=compiled Java code, j=interpreted, Vv=VM code, C=native code)
V  [jvm.dll+0x5ecfaa]
V  [jvm.dll+0x722bd5]
V  [jvm.dll+0x72412d]
V  [jvm.dll+0x724745]
V  [jvm.dll+0x7246fb]
V  [jvm.dll+0x5ec348]
V  [jvm.dll+0x5ecad8]
C  [ntdll.dll+0xa4a2f]
C  [ntdll.dll+0x4cef]
C  [ntdll.dll+0xa379e]
C  0x0000020880000f2d

VM_Operation (0x000000ed16cf9720): G1CollectForAllocation, mode: safepoint, requested by thread 0x0000020894d2e800


---------------  P R O C E S S  ---------------

Threads class SMR info:
_java_thread_list=0x000002089ef0cae0, length=59, elements={
0x00000208f80a4800, 0x00000208fec7a000, 0x00000208fec86000, 0x00000208fec9b000,
0x00000208fec9d000, 0x00000208feca1000, 0x00000208ff5f5000, 0x00000208ff5fc000,
0x00000208ff5fd800, 0x00000208ff757000, 0x00000208947ce800, 0x0000020893014800,
0x00000208959b9000, 0x000002089515c800, 0x000002089515e000, 0x000002089515f000,
0x000002089515b800, 0x0000020895159000, 0x0000020895e4e800, 0x0000020895e50800,
0x0000020895e4e000, 0x0000020895e51000, 0x0000020895e5c000, 0x0000020895e5c800,
0x00000208980ad800, 0x00000208980b4000, 0x000002089515a800, 0x0000020894d2d000,
0x0000020894d2f800, 0x0000020894d2c000, 0x0000020894d2b800, 0x0000020895e4f800,
0x0000020895e5a000, 0x0000020895e5b000, 0x00000208980af000, 0x00000208980a9800,
0x00000208980b0800, 0x00000208980ab800, 0x00000208980b0000, 0x00000208980ab000,
0x00000208980b2800, 0x00000208980b4800, 0x00000208980b6800, 0x00000208980b5800,
0x00000208980b7000, 0x00000208980b3000, 0x0000020894d2e000, 0x0000020894d2e800,
0x0000020894d2a000, 0x0000020894d30800, 0x0000020894d2a800, 0x0000020894d36000,
0x0000020894d37000, 0x0000020894d37800, 0x0000020894d35000, 0x0000020894d32000,
0x0000020894d33800, 0x0000020894d32800, 0x000002089515f800
}

Java Threads: ( => current thread )
  0x00000208f80a4800 JavaThread "main" [_thread_blocked, id=4592, stack(0x000000ed13c00000,0x000000ed13d00000)]
  0x00000208fec7a000 JavaThread "Reference Handler" daemon [_thread_blocked, id=6680, stack(0x000000ed14300000,0x000000ed14400000)]
  0x00000208fec86000 JavaThread "Finalizer" daemon [_thread_blocked, id=1896, stack(0x000000ed14400000,0x000000ed14500000)]
  0x00000208fec9b000 JavaThread "Signal Dispatcher" daemon [_thread_blocked, id=9744, stack(0x000000ed14500000,0x000000ed14600000)]
  0x00000208fec9d000 JavaThread "Attach Listener" daemon [_thread_blocked, id=6844, stack(0x000000ed14600000,0x000000ed14700000)]
  0x00000208feca1000 JavaThread "Service Thread" daemon [_thread_blocked, id=3100, stack(0x000000ed14700000,0x000000ed14800000)]
  0x00000208ff5f5000 JavaThread "C2 CompilerThread0" daemon [_thread_blocked, id=8244, stack(0x000000ed14800000,0x000000ed14900000)]
  0x00000208ff5fc000 JavaThread "C1 CompilerThread0" daemon [_thread_blocked, id=8980, stack(0x000000ed14900000,0x000000ed14a00000)]
  0x00000208ff5fd800 JavaThread "Sweeper thread" daemon [_thread_blocked, id=5348, stack(0x000000ed14a00000,0x000000ed14b00000)]
  0x00000208ff757000 JavaThread "Common-Cleaner" daemon [_thread_blocked, id=10092, stack(0x000000ed14b00000,0x000000ed14c00000)]
  0x00000208947ce800 JavaThread "Daemon health stats" [_thread_blocked, id=9412, stack(0x000000ed15000000,0x000000ed15100000)]
  0x0000020893014800 JavaThread "Incoming local TCP Connector on port 64610" [_thread_in_native, id=7772, stack(0x000000ed14d00000,0x000000ed14e00000)]
  0x00000208959b9000 JavaThread "Daemon periodic checks" [_thread_blocked, id=5376, stack(0x000000ed15100000,0x000000ed15200000)]
  0x000002089515c800 JavaThread "Cache worker for file hash cache (C:\Users\User\.gradle\caches\7.0.2\fileHashes)" [_thread_blocked, id=9792, stack(0x000000ed15600000,0x000000ed15700000)]
  0x000002089515e000 JavaThread "File lock request listener" [_thread_in_native, id=5688, stack(0x000000ed15a00000,0x000000ed15b00000)]
  0x000002089515f000 JavaThread "Cache worker for journal cache (C:\Users\User\.gradle\caches\journal-1)" [_thread_blocked, id=5596, stack(0x000000ed15c00000,0x000000ed15d00000)]
  0x000002089515b800 JavaThread "File watcher server" daemon [_thread_blocked, id=9516, stack(0x000000ed15f00000,0x000000ed16000000)]
  0x0000020895159000 JavaThread "File watcher consumer" daemon [_thread_blocked, id=3696, stack(0x000000ed16000000,0x000000ed16100000)]
  0x0000020895e4e800 JavaThread "Cache worker for execution history cache (C:\Users\User\.gradle\caches\7.0.2\executionHistory)" [_thread_blocked, id=3924, stack(0x000000ed16400000,0x000000ed16500000)]
  0x0000020895e50800 JavaThread "jar transforms" [_thread_blocked, id=1732, stack(0x000000ed16500000,0x000000ed16600000)]
  0x0000020895e4e000 JavaThread "jar transforms Thread 2" [_thread_blocked, id=7796, stack(0x000000ed16600000,0x000000ed16700000)]
  0x0000020895e51000 JavaThread "Cache worker for file content cache (C:\Users\User\.gradle\caches\7.0.2\fileContent)" [_thread_blocked, id=172, stack(0x000000ed16700000,0x000000ed16800000)]
  0x0000020895e5c000 JavaThread "jar transforms Thread 3" [_thread_blocked, id=2816, stack(0x000000ed16900000,0x000000ed16a00000)]
  0x0000020895e5c800 JavaThread "jar transforms Thread 4" [_thread_blocked, id=4540, stack(0x000000ed16f00000,0x000000ed17000000)]
  0x00000208980ad800 JavaThread "Memory manager" [_thread_blocked, id=7664, stack(0x000000ed17000000,0x000000ed17100000)]
  0x00000208980b4000 JavaThread "ForkJoinPool.commonPool-worker-7" daemon [_thread_blocked, id=6336, stack(0x000000ed17a00000,0x000000ed17b00000)]
  0x000002089515a800 JavaThread "RMI Scheduler(0)" daemon [_thread_blocked, id=9980, stack(0x000000ed15d00000,0x000000ed15e00000)]
  0x0000020894d2d000 JavaThread "RMI GC Daemon" daemon [_thread_blocked, id=9256, stack(0x000000ed17600000,0x000000ed17700000)]
  0x0000020894d2f800 JavaThread "RMI TCP Accept-0" daemon [_thread_in_native, id=7648, stack(0x000000ed17900000,0x000000ed17a00000)]
  0x0000020894d2c000 JavaThread "RMI Reaper" [_thread_blocked, id=528, stack(0x000000ed17b00000,0x000000ed17c00000)]
  0x0000020894d2b800 JavaThread "Cache worker for Java compile cache (C:\Users\User\.gradle\caches\7.0.2\javaCompile)" [_thread_blocked, id=1300, stack(0x000000ed17700000,0x000000ed17800000)]
  0x0000020895e4f800 JavaThread "RMI TCP Connection(idle)" daemon [_thread_blocked, id=2984, stack(0x000000ed13900000,0x000000ed13a00000)]
  0x0000020895e5a000 JavaThread "Daemon Thread 4" [_thread_blocked, id=4040, stack(0x000000ed13a00000,0x000000ed13b00000)]
  0x0000020895e5b000 JavaThread "Daemon worker Thread 4" [_thread_blocked, id=1084, stack(0x000000ed15300000,0x000000ed15400000)]
  0x00000208980af000 JavaThread "Handler for socket connection from /127.0.0.1:64610 to /127.0.0.1:58127" [_thread_in_native, id=3972, stack(0x000000ed13b00000,0x000000ed13c00000)]
  0x00000208980a9800 JavaThread "Cancel handler" [_thread_blocked, id=10136, stack(0x000000ed15200000,0x000000ed15300000)]
  0x00000208980b0800 JavaThread "Asynchronous log dispatcher for DefaultDaemonConnection: socket connection from /127.0.0.1:64610 to /127.0.0.1:58127" [_thread_blocked, id=10064, stack(0x000000ed15400000,0x000000ed15500000)]
  0x00000208980ab800 JavaThread "Stdin handler" [_thread_blocked, id=1140, stack(0x000000ed15500000,0x000000ed15600000)]
  0x00000208980b0000 JavaThread "Daemon client event forwarder" [_thread_blocked, id=8528, stack(0x000000ed15700000,0x000000ed15800000)]
  0x00000208980ab000 JavaThread "Cache worker for file hash cache (C:\Users\User\AndroidStudioProjects\FragmentsWithAppsKotlin\.gradle\7.0.2\fileHashes)" [_thread_blocked, id=9432, stack(0x000000ed15800000,0x000000ed15900000)]
  0x00000208980b2800 JavaThread "Cache worker for checksums cache (C:\Users\User\AndroidStudioProjects\FragmentsWithAppsKotlin\.gradle\checksums)" [_thread_blocked, id=292, stack(0x000000ed15900000,0x000000ed15a00000)]
  0x00000208980b4800 JavaThread "Cache worker for cache directory md-supplier (C:\Users\User\.gradle\caches\7.0.2\md-supplier)" [_thread_blocked, id=8484, stack(0x000000ed15e00000,0x000000ed15f00000)]
  0x00000208980b6800 JavaThread "Cache worker for cache directory md-rule (C:\Users\User\.gradle\caches\7.0.2\md-rule)" [_thread_blocked, id=8736, stack(0x000000ed16100000,0x000000ed16200000)]
  0x00000208980b5800 JavaThread "Cache worker for dependencies-accessors (C:\Users\User\AndroidStudioProjects\FragmentsWithAppsKotlin\.gradle\7.0.2\dependencies-accessors)" [_thread_blocked, id=5656, stack(0x000000ed16200000,0x000000ed16300000)]
  0x00000208980b7000 JavaThread "Cache worker for Build Output Cleanup Cache (C:\Users\User\AndroidStudioProjects\FragmentsWithAppsKotlin\.gradle\buildOutputCleanup)" [_thread_blocked, id=2808, stack(0x000000ed16300000,0x000000ed16400000)]
  0x00000208980b3000 JavaThread "Build operations" [_thread_blocked, id=9380, stack(0x000000ed16a00000,0x000000ed16b00000)]
  0x0000020894d2e000 JavaThread "Build operations Thread 2" [_thread_blocked, id=10232, stack(0x000000ed16b00000,0x000000ed16c00000)]
  0x0000020894d2e800 JavaThread "Build operations Thread 3" [_thread_blocked, id=3008, stack(0x000000ed16c00000,0x000000ed16d00000)]
  0x0000020894d2a000 JavaThread "Build operations Thread 4" [_thread_blocked, id=2908, stack(0x000000ed16d00000,0x000000ed16e00000)]
  0x0000020894d30800 JavaThread "build event listener" [_thread_blocked, id=3504, stack(0x000000ed16e00000,0x000000ed16f00000)]
  0x0000020894d2a800 JavaThread "Execution worker for ':'" [_thread_blocked, id=9708, stack(0x000000ed17100000,0x000000ed17200000)]
  0x0000020894d36000 JavaThread "Execution worker for ':' Thread 2" [_thread_blocked, id=5024, stack(0x000000ed17200000,0x000000ed17300000)]
  0x0000020894d37000 JavaThread "Execution worker for ':' Thread 3" [_thread_blocked, id=2848, stack(0x000000ed17300000,0x000000ed17400000)]
  0x0000020894d37800 JavaThread "Cache worker for execution history cache (C:\Users\User\AndroidStudioProjects\FragmentsWithAppsKotlin\.gradle\7.0.2\executionHistory)" [_thread_blocked, id=6360, stack(0x000000ed17400000,0x000000ed17500000)]
  0x0000020894d35000 JavaThread "WorkerExecutor Queue" [_thread_blocked, id=1524, stack(0x000000ed17500000,0x000000ed17600000)]
  0x0000020894d32000 JavaThread "WorkerExecutor Queue Thread 2" [_thread_blocked, id=5740, stack(0x000000ed17800000,0x000000ed17900000)]
  0x0000020894d33800 JavaThread "WorkerExecutor Queue Thread 3" [_thread_blocked, id=6700, stack(0x000000ed17c00000,0x000000ed17d00000)]
  0x0000020894d32800 JavaThread "WorkerExecutor Queue Thread 4" [_thread_blocked, id=6236, stack(0x000000ed17d00000,0x000000ed17e00000)]
  0x000002089515f800 JavaThread "C2 CompilerThread1" daemon [_thread_in_native, id=7736, stack(0x000000ed16800000,0x000000ed16900000)]

Other Threads:
=>0x00000208fec75800 VMThread "VM Thread" [stack: 0x000000ed14200000,0x000000ed14300000] [id=8596]
  0x00000208ff75a000 WatcherThread [stack: 0x000000ed14c00000,0x000000ed14d00000] [id=4220]
  0x00000208f80be000 GCTaskThread "GC Thread#0" [stack: 0x000000ed13d00000,0x000000ed13e00000] [id=8720]
  0x0000020893652800 GCTaskThread "GC Thread#1" [stack: 0x000000ed14e00000,0x000000ed14f00000] [id=9880]
  0x00000208ff806800 GCTaskThread "GC Thread#2" [stack: 0x000000ed14f00000,0x000000ed15000000] [id=9276]
  0x00000208944d2800 GCTaskThread "GC Thread#3" [stack: 0x000000ed15b00000,0x000000ed15c00000] [id=7208]
  0x00000208f80f0000 ConcurrentGCThread "G1 Main Marker" [stack: 0x000000ed13e00000,0x000000ed13f00000] [id=8088]
  0x00000208f80f2800 ConcurrentGCThread "G1 Conc#0" [stack: 0x000000ed13f00000,0x000000ed14000000] [id=5712]
  0x00000208f816e000 ConcurrentGCThread "G1 Refine#0" [stack: 0x000000ed14000000,0x000000ed14100000] [id=5508]
  0x00000208feac8800 ConcurrentGCThread "G1 Young RemSet Sampling" [stack: 0x000000ed14100000,0x000000ed14200000] [id=8032]

Threads with active compile tasks:
C2 CompilerThread0 510635 23941       4       com.android.tools.r8.internal.PF::a (98 bytes)
C2 CompilerThread1 510635 23799       4       com.android.tools.r8.internal.Le::a (1137 bytes)

VM state:at safepoint (normal execution)

VM Mutex/Monitor currently owned by a thread:  ([mutex/lock_event])
[0x00000208f80a1810] Threads_lock - owner thread: 0x00000208fec75800
[0x00000208f80a0070] Heap_lock - owner thread: 0x0000020894d2e800

Heap address: 0x0000000080000000, size: 2048 MB, Compressed Oops mode: 32-bit
Narrow klass base: 0x0000000000000000, Narrow klass shift: 3
Compressed class space size: 1073741824 Address: 0x0000000100000000

Heap:
 garbage-first heap   total 295936K, used 132817K [0x0000000080000000, 0x0000000100000000)
  region size 1024K, 6 young (6144K), 6 survivors (6144K)
 Metaspace       used 127458K, capacity 131086K, committed 131328K, reserved 1163264K
  class space    used 15913K, capacity 17294K, committed 17408K, reserved 1048576K
Heap Regions: E=young(eden), S=young(survivor), O=old, HS=humongous(starts), HC=humongous(continues), CS=collection set, F=free, A=archive, TAMS=top-at-mark-start (previous, next)
|   0|0x0000000080000000, 0x0000000080100000, 0x0000000080100000|100%| O|  |TAMS 0x0000000080100000, 0x0000000080100000| Untracked 
|   1|0x0000000080100000, 0x0000000080200000, 0x0000000080200000|100%| O|  |TAMS 0x0000000080200000, 0x0000000080200000| Untracked 
|   2|0x0000000080200000, 0x0000000080300000, 0x0000000080300000|100%| O|  |TAMS 0x0000000080300000, 0x0000000080300000| Untracked 
|   3|0x0000000080300000, 0x0000000080400000, 0x0000000080400000|100%|HS|  |TAMS 0x0000000080400000, 0x0000000080400000| Complete 
|   4|0x0000000080400000, 0x0000000080500000, 0x0000000080500000|100%|HC|  |TAMS 0x0000000080500000, 0x0000000080500000| Complete 
|   5|0x0000000080500000, 0x0000000080600000, 0x0000000080600000|100%|HC|  |TAMS 0x0000000080600000, 0x0000000080600000| Complete 
|   6|0x0000000080600000, 0x0000000080700000, 0x0000000080700000|100%| O|  |TAMS 0x0000000080700000, 0x0000000080700000| Untracked 
|   7|0x0000000080700000, 0x0000000080800000, 0x0000000080800000|100%| O|  |TAMS 0x0000000080800000, 0x0000000080800000| Untracked 
|   8|0x0000000080800000, 0x0000000080900000, 0x0000000080900000|100%| O|  |TAMS 0x0000000080900000, 0x0000000080900000| Untracked 
|   9|0x0000000080900000, 0x0000000080a00000, 0x0000000080a00000|100%| O|  |TAMS 0x0000000080a00000, 0x0000000080a00000| Untracked 
|  10|0x0000000080a00000, 0x0000000080b00000, 0x0000000080b00000|100%| O|  |TAMS 0x0000000080b00000, 0x0000000080b00000| Untracked 
|  11|0x0000000080b00000, 0x0000000080c00000, 0x0000000080c00000|100%| O|  |TAMS 0x0000000080c00000, 0x0000000080c00000| Untracked 
|  12|0x0000000080c00000, 0x0000000080d00000, 0x0000000080d00000|100%| O|  |TAMS 0x0000000080d00000, 0x0000000080d00000| Untracked 
|  13|0x0000000080d00000, 0x0000000080e00000, 0x0000000080e00000|100%| O|  |TAMS 0x0000000080e00000, 0x0000000080e00000| Untracked 
|  14|0x0000000080e00000, 0x0000000080f00000, 0x0000000080f00000|100%| O|  |TAMS 0x0000000080f00000, 0x0000000080f00000| Untracked 
|  15|0x0000000080f00000, 0x0000000081000000, 0x0000000081000000|100%| O|  |TAMS 0x0000000081000000, 0x0000000081000000| Untracked 
|  16|0x0000000081000000, 0x0000000081100000, 0x0000000081100000|100%| O|  |TAMS 0x0000000081100000, 0x0000000081100000| Untracked 
|  17|0x0000000081100000, 0x0000000081200000, 0x0000000081200000|100%|HS|  |TAMS 0x0000000081200000, 0x0000000081200000| Complete 
|  18|0x0000000081200000, 0x0000000081300000, 0x0000000081300000|100%| O|  |TAMS 0x0000000081300000, 0x0000000081300000| Untracked 
|  19|0x0000000081300000, 0x0000000081400000, 0x0000000081400000|100%| O|  |TAMS 0x0000000081400000, 0x0000000081400000| Untracked 
|  20|0x0000000081400000, 0x0000000081500000, 0x0000000081500000|100%| O|  |TAMS 0x0000000081500000, 0x0000000081500000| Untracked 
|  21|0x0000000081500000, 0x0000000081600000, 0x0000000081600000|100%| O|  |TAMS 0x0000000081600000, 0x0000000081600000| Untracked 
|  22|0x0000000081600000, 0x0000000081700000, 0x0000000081700000|100%| O|  |TAMS 0x0000000081700000, 0x0000000081700000| Untracked 
|  23|0x0000000081700000, 0x0000000081800000, 0x0000000081800000|100%| O|  |TAMS 0x0000000081800000, 0x0000000081800000| Untracked 
|  24|0x0000000081800000, 0x0000000081900000, 0x0000000081900000|100%| O|  |TAMS 0x0000000081900000, 0x0000000081900000| Untracked 
|  25|0x0000000081900000, 0x0000000081a00000, 0x0000000081a00000|100%| O|  |TAMS 0x0000000081a00000, 0x0000000081a00000| Untracked 
|  26|0x0000000081a00000, 0x0000000081b00000, 0x0000000081b00000|100%| O|  |TAMS 0x0000000081b00000, 0x0000000081b00000| Untracked 
|  27|0x0000000081b00000, 0x0000000081c00000, 0x0000000081c00000|100%|HS|  |TAMS 0x0000000081c00000, 0x0000000081c00000| Complete 
|  28|0x0000000081c00000, 0x0000000081d00000, 0x0000000081d00000|100%|HS|  |TAMS 0x0000000081d00000, 0x0000000081d00000| Complete 
|  29|0x0000000081d00000, 0x0000000081e00000, 0x0000000081e00000|100%|HS|  |TAMS 0x0000000081e00000, 0x0000000081e00000| Complete 
|  30|0x0000000081e00000, 0x0000000081f00000, 0x0000000081f00000|100%|HC|  |TAMS 0x0000000081f00000, 0x0000000081f00000| Complete 
|  31|0x0000000081f00000, 0x0000000082000000, 0x0000000082000000|100%|HC|  |TAMS 0x0000000082000000, 0x0000000082000000| Complete 
|  32|0x0000000082000000, 0x0000000082100000, 0x0000000082100000|100%|HS|  |TAMS 0x0000000082100000, 0x0000000082100000| Complete 
|  33|0x0000000082100000, 0x0000000082200000, 0x0000000082200000|100%|HC|  |TAMS 0x0000000082200000, 0x0000000082200000| Complete 
|  34|0x0000000082200000, 0x0000000082300000, 0x0000000082300000|100%| O|  |TAMS 0x0000000082300000, 0x0000000082300000| Untracked 
|  35|0x0000000082300000, 0x0000000082400000, 0x0000000082400000|100%| O|  |TAMS 0x0000000082400000, 0x0000000082400000| Untracked 
|  36|0x0000000082400000, 0x0000000082500000, 0x0000000082500000|100%| O|  |TAMS 0x0000000082500000, 0x0000000082500000| Untracked 
|  37|0x0000000082500000, 0x0000000082600000, 0x0000000082600000|100%| O|  |TAMS 0x0000000082600000, 0x0000000082600000| Untracked 
|  38|0x0000000082600000, 0x0000000082700000, 0x0000000082700000|100%| O|  |TAMS 0x0000000082700000, 0x0000000082700000| Untracked 
|  39|0x0000000082700000, 0x0000000082800000, 0x0000000082800000|100%| O|  |TAMS 0x0000000082800000, 0x0000000082800000| Untracked 
|  40|0x0000000082800000, 0x0000000082900000, 0x0000000082900000|100%| O|  |TAMS 0x0000000082900000, 0x0000000082900000| Untracked 
|  41|0x0000000082900000, 0x0000000082a00000, 0x0000000082a00000|100%| O|  |TAMS 0x0000000082a00000, 0x0000000082a00000| Untracked 
|  42|0x0000000082a00000, 0x0000000082b00000, 0x0000000082b00000|100%| O|  |TAMS 0x0000000082b00000, 0x0000000082b00000| Untracked 
|  43|0x0000000082b00000, 0x0000000082c00000, 0x0000000082c00000|100%| O|  |TAMS 0x0000000082c00000, 0x0000000082c00000| Untracked 
|  44|0x0000000082c00000, 0x0000000082d00000, 0x0000000082d00000|100%| O|  |TAMS 0x0000000082d00000, 0x0000000082d00000| Untracked 
|  45|0x0000000082d00000, 0x0000000082e00000, 0x0000000082e00000|100%| O|  |TAMS 0x0000000082e00000, 0x0000000082e00000| Untracked 
|  46|0x0000000082e00000, 0x0000000082f00000, 0x0000000082f00000|100%| O|  |TAMS 0x0000000082f00000, 0x0000000082f00000| Untracked 
|  47|0x0000000082f00000, 0x0000000083000000, 0x0000000083000000|100%| O|  |TAMS 0x0000000083000000, 0x0000000083000000| Untracked 
|  48|0x0000000083000000, 0x0000000083100000, 0x0000000083100000|100%| O|  |TAMS 0x0000000083100000, 0x0000000083100000| Untracked 
|  49|0x0000000083100000, 0x0000000083200000, 0x0000000083200000|100%| O|  |TAMS 0x0000000083200000, 0x0000000083200000| Untracked 
|  50|0x0000000083200000, 0x0000000083300000, 0x0000000083300000|100%| O|  |TAMS 0x0000000083300000, 0x0000000083300000| Untracked 
|  51|0x0000000083300000, 0x0000000083400000, 0x0000000083400000|100%| O|  |TAMS 0x0000000083400000, 0x0000000083400000| Untracked 
|  52|0x0000000083400000, 0x0000000083500000, 0x0000000083500000|100%| O|  |TAMS 0x0000000083500000, 0x0000000083500000| Untracked 
|  53|0x0000000083500000, 0x0000000083600000, 0x0000000083600000|100%| O|  |TAMS 0x0000000083600000, 0x0000000083600000| Untracked 
|  54|0x0000000083600000, 0x0000000083700000, 0x0000000083700000|100%| O|  |TAMS 0x0000000083700000, 0x0000000083700000| Untracked 
|  55|0x0000000083700000, 0x0000000083800000, 0x0000000083800000|100%| O|  |TAMS 0x0000000083800000, 0x0000000083800000| Untracked 
|  56|0x0000000083800000, 0x0000000083900000, 0x0000000083900000|100%| O|  |TAMS 0x0000000083900000, 0x0000000083900000| Untracked 
|  57|0x0000000083900000, 0x0000000083a00000, 0x0000000083a00000|100%| O|  |TAMS 0x0000000083a00000, 0x0000000083a00000| Untracked 
|  58|0x0000000083a00000, 0x0000000083b00000, 0x0000000083b00000|100%| O|  |TAMS 0x0000000083b00000, 0x0000000083b00000| Untracked 
|  59|0x0000000083b00000, 0x0000000083c00000, 0x0000000083c00000|100%| O|  |TAMS 0x0000000083c00000, 0x0000000083c00000| Untracked 
|  60|0x0000000083c00000, 0x0000000083d00000, 0x0000000083d00000|100%| O|  |TAMS 0x0000000083d00000, 0x0000000083d00000| Untracked 
|  61|0x0000000083d00000, 0x0000000083e00000, 0x0000000083e00000|100%| O|  |TAMS 0x0000000083e00000, 0x0000000083e00000| Untracked 
|  62|0x0000000083e00000, 0x0000000083f00000, 0x0000000083f00000|100%| O|  |TAMS 0x0000000083e00000, 0x0000000083f00000| Untracked 
|  63|0x0000000083f00000, 0x0000000084000000, 0x0000000084000000|100%| O|  |TAMS 0x0000000084000000, 0x0000000084000000| Untracked 
|  64|0x0000000084000000, 0x0000000084100000, 0x0000000084100000|100%| O|  |TAMS 0x0000000084100000, 0x0000000084100000| Untracked 
|  65|0x0000000084100000, 0x0000000084200000, 0x0000000084200000|100%| O|  |TAMS 0x0000000084200000, 0x0000000084200000| Untracked 
|  66|0x0000000084200000, 0x0000000084300000, 0x0000000084300000|100%| O|  |TAMS 0x0000000084300000, 0x0000000084300000| Untracked 
|  67|0x0000000084300000, 0x0000000084400000, 0x0000000084400000|100%| O|  |TAMS 0x0000000084400000, 0x0000000084400000| Untracked 
|  68|0x0000000084400000, 0x0000000084500000, 0x0000000084500000|100%| O|  |TAMS 0x0000000084500000, 0x0000000084500000| Untracked 
|  69|0x0000000084500000, 0x0000000084600000, 0x0000000084600000|100%| O|  |TAMS 0x0000000084600000, 0x0000000084600000| Untracked 
|  70|0x0000000084600000, 0x00000000846b4600, 0x0000000084700000| 70%| O|  |TAMS 0x0000000084600000, 0x00000000846b4600| Untracked 
|  71|0x0000000084700000, 0x0000000084800000, 0x0000000084800000|100%| O|  |TAMS 0x0000000084800000, 0x0000000084800000| Untracked 
|  72|0x0000000084800000, 0x0000000084900000, 0x0000000084900000|100%| O|  |TAMS 0x0000000084900000, 0x0000000084900000| Untracked 
|  73|0x0000000084900000, 0x0000000084a00000, 0x0000000084a00000|100%| O|  |TAMS 0x0000000084a00000, 0x0000000084a00000| Untracked 
|  74|0x0000000084a00000, 0x0000000084b00000, 0x0000000084b00000|100%| O|  |TAMS 0x0000000084b00000, 0x0000000084b00000| Untracked 
|  75|0x0000000084b00000, 0x0000000084c00000, 0x0000000084c00000|100%| O|  |TAMS 0x0000000084c00000, 0x0000000084c00000| Untracked 
|  76|0x0000000084c00000, 0x0000000084d00000, 0x0000000084d00000|100%| O|  |TAMS 0x0000000084d00000, 0x0000000084d00000| Untracked 
|  77|0x0000000084d00000, 0x0000000084e00000, 0x0000000084e00000|100%| O|  |TAMS 0x0000000084e00000, 0x0000000084e00000| Untracked 
|  78|0x0000000084e00000, 0x0000000084f00000, 0x0000000084f00000|100%| O|  |TAMS 0x0000000084f00000, 0x0000000084f00000| Untracked 
|  79|0x0000000084f00000, 0x0000000085000000, 0x0000000085000000|100%| O|  |TAMS 0x0000000085000000, 0x0000000085000000| Untracked 
|  80|0x0000000085000000, 0x0000000085100000, 0x0000000085100000|100%| O|  |TAMS 0x0000000085100000, 0x0000000085100000| Untracked 
|  81|0x0000000085100000, 0x0000000085200000, 0x0000000085200000|100%| O|  |TAMS 0x000000008518ce00, 0x0000000085200000| Untracked 
|  82|0x0000000085200000, 0x0000000085300000, 0x0000000085300000|100%| O|  |TAMS 0x0000000085300000, 0x0000000085300000| Untracked 
|  83|0x0000000085300000, 0x0000000085400000, 0x0000000085400000|100%| O|  |TAMS 0x0000000085400000, 0x0000000085400000| Untracked 
|  84|0x0000000085400000, 0x0000000085500000, 0x0000000085500000|100%| O|  |TAMS 0x0000000085500000, 0x0000000085500000| Untracked 
|  85|0x0000000085500000, 0x0000000085600000, 0x0000000085600000|100%| O|  |TAMS 0x0000000085600000, 0x0000000085600000| Untracked 
|  86|0x0000000085600000, 0x0000000085700000, 0x0000000085700000|100%| O|  |TAMS 0x0000000085700000, 0x0000000085700000| Untracked 
|  87|0x0000000085700000, 0x0000000085800000, 0x0000000085800000|100%| O|  |TAMS 0x0000000085700000, 0x0000000085800000| Untracked 
|  88|0x0000000085800000, 0x0000000085900000, 0x0000000085900000|100%| O|  |TAMS 0x0000000085800000, 0x0000000085900000| Untracked 
|  89|0x0000000085900000, 0x0000000085a00000, 0x0000000085a00000|100%| O|  |TAMS 0x0000000085a00000, 0x0000000085a00000| Untracked 
|  90|0x0000000085a00000, 0x0000000085b00000, 0x0000000085b00000|100%| O|  |TAMS 0x0000000085b00000, 0x0000000085b00000| Untracked 
|  91|0x0000000085b00000, 0x0000000085c00000, 0x0000000085c00000|100%| O|  |TAMS 0x0000000085b00000, 0x0000000085c00000| Untracked 
|  92|0x0000000085c00000, 0x0000000085d00000, 0x0000000085d00000|100%| O|  |TAMS 0x0000000085d00000, 0x0000000085d00000| Untracked 
|  93|0x0000000085d00000, 0x0000000085e00000, 0x0000000085e00000|100%| O|  |TAMS 0x0000000085e00000, 0x0000000085e00000| Untracked 
|  94|0x0000000085e00000, 0x0000000085f00000, 0x0000000085f00000|100%| O|  |TAMS 0x0000000085f00000, 0x0000000085f00000| Untracked 
|  95|0x0000000085f00000, 0x0000000086000000, 0x0000000086000000|100%| O|  |TAMS 0x0000000086000000, 0x0000000086000000| Untracked 
|  96|0x0000000086000000, 0x0000000086100000, 0x0000000086100000|100%| O|  |TAMS 0x0000000086100000, 0x0000000086100000| Untracked 
|  97|0x0000000086100000, 0x0000000086200000, 0x0000000086200000|100%| O|  |TAMS 0x0000000086100000, 0x0000000086200000| Untracked 
|  98|0x0000000086200000, 0x0000000086300000, 0x0000000086300000|100%| O|  |TAMS 0x0000000086300000, 0x0000000086300000| Untracked 
|  99|0x0000000086300000, 0x0000000086400000, 0x0000000086400000|100%| O|  |TAMS 0x0000000086300000, 0x0000000086400000| Untracked 
| 100|0x0000000086400000, 0x0000000086500000, 0x0000000086500000|100%| O|  |TAMS 0x0000000086400000, 0x0000000086500000| Untracked 
| 101|0x0000000086500000, 0x0000000086600000, 0x0000000086600000|100%| O|  |TAMS 0x0000000086600000, 0x0000000086600000| Untracked 
| 102|0x0000000086600000, 0x0000000086700000, 0x0000000086700000|100%| O|  |TAMS 0x0000000086700000, 0x0000000086700000| Untracked 
| 103|0x0000000086700000, 0x0000000086800000, 0x0000000086800000|100%| O|  |TAMS 0x0000000086800000, 0x0000000086800000| Untracked 
| 104|0x0000000086800000, 0x0000000086900000, 0x0000000086900000|100%| O|  |TAMS 0x0000000086900000, 0x0000000086900000| Untracked 
| 105|0x0000000086900000, 0x0000000086a00000, 0x0000000086a00000|100%| O|  |TAMS 0x0000000086900000, 0x0000000086a00000| Untracked 
| 106|0x0000000086a00000, 0x0000000086b00000, 0x0000000086b00000|100%| O|  |TAMS 0x0000000086a00000, 0x0000000086b00000| Untracked 
| 107|0x0000000086b00000, 0x0000000086c00000, 0x0000000086c00000|100%| O|  |TAMS 0x0000000086b00000, 0x0000000086c00000| Untracked 
| 108|0x0000000086c00000, 0x0000000086d00000, 0x0000000086d00000|100%| O|  |TAMS 0x0000000086d00000, 0x0000000086d00000| Untracked 
| 109|0x0000000086d00000, 0x0000000086e00000, 0x0000000086e00000|100%| O|  |TAMS 0x0000000086d00000, 0x0000000086e00000| Untracked 
| 110|0x0000000086e00000, 0x0000000086f00000, 0x0000000086f00000|100%| O|  |TAMS 0x0000000086e00000, 0x0000000086f00000| Untracked 
| 111|0x0000000086f00000, 0x0000000086f00000, 0x0000000087000000|  0%| F|  |TAMS 0x0000000086f00000, 0x0000000086f00000| Untracked 
| 112|0x0000000087000000, 0x0000000087100000, 0x0000000087100000|100%| O|  |TAMS 0x0000000087100000, 0x0000000087100000| Untracked 
| 113|0x0000000087100000, 0x0000000087100000, 0x0000000087200000|  0%| F|  |TAMS 0x0000000087100000, 0x0000000087100000| Untracked 
| 114|0x0000000087200000, 0x0000000087300000, 0x0000000087300000|100%| O|  |TAMS 0x0000000087300000, 0x0000000087300000| Untracked 
| 115|0x0000000087300000, 0x0000000087400000, 0x0000000087400000|100%| O|  |TAMS 0x0000000087400000, 0x0000000087400000| Untracked 
| 116|0x0000000087400000, 0x0000000087400000, 0x0000000087500000|  0%| F|  |TAMS 0x0000000087400000, 0x0000000087400000| Untracked 
| 117|0x0000000087500000, 0x0000000087500000, 0x0000000087600000|  0%| F|  |TAMS 0x0000000087500000, 0x0000000087500000| Untracked 
| 118|0x0000000087600000, 0x0000000087600000, 0x0000000087700000|  0%| F|  |TAMS 0x0000000087600000, 0x0000000087600000| Untracked 
| 119|0x0000000087700000, 0x0000000087700000, 0x0000000087800000|  0%| F|  |TAMS 0x0000000087700000, 0x0000000087700000| Untracked 
| 120|0x0000000087800000, 0x0000000087900000, 0x0000000087900000|100%| O|  |TAMS 0x0000000087900000, 0x0000000087900000| Untracked 
| 121|0x0000000087900000, 0x0000000087a00000, 0x0000000087a00000|100%| O|  |TAMS 0x0000000087a00000, 0x0000000087a00000| Untracked 
| 122|0x0000000087a00000, 0x0000000087a00000, 0x0000000087b00000|  0%| F|  |TAMS 0x0000000087a00000, 0x0000000087a00000| Untracked 
| 123|0x0000000087b00000, 0x0000000087b00000, 0x0000000087c00000|  0%| F|  |TAMS 0x0000000087b00000, 0x0000000087b00000| Untracked 
| 124|0x0000000087c00000, 0x0000000087d00000, 0x0000000087d00000|100%| O|  |TAMS 0x0000000087d00000, 0x0000000087d00000| Untracked 
| 125|0x0000000087d00000, 0x0000000087e00000, 0x0000000087e00000|100%|HS|  |TAMS 0x0000000087e00000, 0x0000000087e00000| Complete 
| 126|0x0000000087e00000, 0x0000000087f00000, 0x0000000087f00000|100%|HC|  |TAMS 0x0000000087f00000, 0x0000000087f00000| Complete 
| 127|0x0000000087f00000, 0x0000000088000000, 0x0000000088000000|100%| O|  |TAMS 0x0000000088000000, 0x0000000088000000| Untracked 
| 128|0x0000000088000000, 0x0000000088100000, 0x0000000088100000|100%| O|  |TAMS 0x0000000088100000, 0x0000000088100000| Untracked 
| 129|0x0000000088100000, 0x0000000088100000, 0x0000000088200000|  0%| F|  |TAMS 0x0000000088100000, 0x0000000088100000| Untracked 
| 130|0x0000000088200000, 0x0000000088200000, 0x0000000088300000|  0%| F|  |TAMS 0x0000000088200000, 0x0000000088200000| Untracked 
| 131|0x0000000088300000, 0x0000000088400000, 0x0000000088400000|100%| O|  |TAMS 0x0000000088400000, 0x0000000088400000| Untracked 
| 132|0x0000000088400000, 0x0000000088500000, 0x0000000088500000|100%| O|  |TAMS 0x0000000088500000, 0x0000000088500000| Untracked 
| 133|0x0000000088500000, 0x0000000088500000, 0x0000000088600000|  0%| F|  |TAMS 0x0000000088500000, 0x0000000088500000| Untracked 
| 134|0x0000000088600000, 0x0000000088600000, 0x0000000088700000|  0%| F|  |TAMS 0x0000000088600000, 0x0000000088600000| Untracked 
| 135|0x0000000088700000, 0x0000000088700000, 0x0000000088800000|  0%| F|  |TAMS 0x0000000088700000, 0x0000000088700000| Untracked 
| 136|0x0000000088800000, 0x0000000088800000, 0x0000000088900000|  0%| F|  |TAMS 0x0000000088800000, 0x0000000088800000| Untracked 
| 137|0x0000000088900000, 0x0000000088900000, 0x0000000088a00000|  0%| F|  |TAMS 0x0000000088900000, 0x0000000088900000| Untracked 
| 138|0x0000000088a00000, 0x0000000088a00000, 0x0000000088b00000|  0%| F|  |TAMS 0x0000000088a00000, 0x0000000088a00000| Untracked 
| 139|0x0000000088b00000, 0x0000000088b00000, 0x0000000088c00000|  0%| F|  |TAMS 0x0000000088b00000, 0x0000000088b00000| Untracked 
| 140|0x0000000088c00000, 0x0000000088c00000, 0x0000000088d00000|  0%| F|  |TAMS 0x0000000088c00000, 0x0000000088c00000| Untracked 
| 141|0x0000000088d00000, 0x0000000088d00000, 0x0000000088e00000|  0%| F|  |TAMS 0x0000000088d00000, 0x0000000088d00000| Untracked 
| 142|0x0000000088e00000, 0x0000000088e00000, 0x0000000088f00000|  0%| F|  |TAMS 0x0000000088e00000, 0x0000000088e00000| Untracked 
| 143|0x0000000088f00000, 0x0000000089000000, 0x0000000089000000|100%| O|  |TAMS 0x0000000089000000, 0x0000000089000000| Untracked 
| 144|0x0000000089000000, 0x0000000089000000, 0x0000000089100000|  0%| F|  |TAMS 0x0000000089000000, 0x0000000089000000| Untracked 
| 145|0x0000000089100000, 0x0000000089100000, 0x0000000089200000|  0%| F|  |TAMS 0x0000000089100000, 0x0000000089100000| Untracked 
| 146|0x0000000089200000, 0x0000000089200000, 0x0000000089300000|  0%| F|  |TAMS 0x0000000089200000, 0x0000000089200000| Untracked 
| 147|0x0000000089300000, 0x0000000089300000, 0x0000000089400000|  0%| F|  |TAMS 0x0000000089300000, 0x0000000089300000| Untracked 
| 148|0x0000000089400000, 0x0000000089400000, 0x0000000089500000|  0%| F|  |TAMS 0x0000000089400000, 0x0000000089400000| Untracked 
| 149|0x0000000089500000, 0x0000000089500000, 0x0000000089600000|  0%| F|  |TAMS 0x0000000089500000, 0x0000000089500000| Untracked 
| 150|0x0000000089600000, 0x0000000089600000, 0x0000000089700000|  0%| F|  |TAMS 0x0000000089600000, 0x0000000089600000| Untracked 
| 151|0x0000000089700000, 0x0000000089700000, 0x0000000089800000|  0%| F|  |TAMS 0x0000000089700000, 0x0000000089700000| Untracked 
| 152|0x0000000089800000, 0x0000000089800000, 0x0000000089900000|  0%| F|  |TAMS 0x0000000089800000, 0x0000000089800000| Untracked 
| 153|0x0000000089900000, 0x0000000089900000, 0x0000000089a00000|  0%| F|  |TAMS 0x0000000089900000, 0x0000000089900000| Untracked 
| 154|0x0000000089a00000, 0x0000000089a00000, 0x0000000089b00000|  0%| F|  |TAMS 0x0000000089a00000, 0x0000000089a00000| Untracked 
| 155|0x0000000089b00000, 0x0000000089b00000, 0x0000000089c00000|  0%| F|  |TAMS 0x0000000089b00000, 0x0000000089b00000| Untracked 
| 156|0x0000000089c00000, 0x0000000089c00000, 0x0000000089d00000|  0%| F|  |TAMS 0x0000000089c00000, 0x0000000089c00000| Untracked 
| 157|0x0000000089d00000, 0x0000000089d00000, 0x0000000089e00000|  0%| F|  |TAMS 0x0000000089d00000, 0x0000000089d00000| Untracked 
| 158|0x0000000089e00000, 0x0000000089e00000, 0x0000000089f00000|  0%| F|  |TAMS 0x0000000089e00000, 0x0000000089e00000| Untracked 
| 159|0x0000000089f00000, 0x0000000089f00000, 0x000000008a000000|  0%| F|  |TAMS 0x0000000089f00000, 0x0000000089f00000| Untracked 
| 160|0x000000008a000000, 0x000000008a000000, 0x000000008a100000|  0%| F|  |TAMS 0x000000008a000000, 0x000000008a000000| Untracked 
| 161|0x000000008a100000, 0x000000008a100000, 0x000000008a200000|  0%| F|  |TAMS 0x000000008a100000, 0x000000008a100000| Untracked 
| 162|0x000000008a200000, 0x000000008a200000, 0x000000008a300000|  0%| F|  |TAMS 0x000000008a200000, 0x000000008a200000| Untracked 
| 163|0x000000008a300000, 0x000000008a300000, 0x000000008a400000|  0%| F|  |TAMS 0x000000008a300000, 0x000000008a300000| Untracked 
| 164|0x000000008a400000, 0x000000008a400000, 0x000000008a500000|  0%| F|  |TAMS 0x000000008a400000, 0x000000008a400000| Untracked 
| 165|0x000000008a500000, 0x000000008a500000, 0x000000008a600000|  0%| F|  |TAMS 0x000000008a500000, 0x000000008a500000| Untracked 
| 166|0x000000008a600000, 0x000000008a600000, 0x000000008a700000|  0%| F|  |TAMS 0x000000008a600000, 0x000000008a600000| Untracked 
| 167|0x000000008a700000, 0x000000008a700000, 0x000000008a800000|  0%| F|  |TAMS 0x000000008a700000, 0x000000008a700000| Untracked 
| 168|0x000000008a800000, 0x000000008a800000, 0x000000008a900000|  0%| F|  |TAMS 0x000000008a800000, 0x000000008a800000| Untracked 
| 169|0x000000008a900000, 0x000000008a900000, 0x000000008aa00000|  0%| F|  |TAMS 0x000000008a900000, 0x000000008a900000| Untracked 
| 170|0x000000008aa00000, 0x000000008ab00000, 0x000000008ab00000|100%| S|CS|TAMS 0x000000008aa00000, 0x000000008aa00000| Complete 
| 171|0x000000008ab00000, 0x000000008ac00000, 0x000000008ac00000|100%| S|CS|TAMS 0x000000008ab00000, 0x000000008ab00000| Complete 
| 172|0x000000008ac00000, 0x000000008ad00000, 0x000000008ad00000|100%| S|CS|TAMS 0x000000008ac00000, 0x000000008ac00000| Complete 
| 173|0x000000008ad00000, 0x000000008ae00000, 0x000000008ae00000|100%| S|CS|TAMS 0x000000008ad00000, 0x000000008ad00000| Complete 
| 174|0x000000008ae00000, 0x000000008af00000, 0x000000008af00000|100%| S|CS|TAMS 0x000000008ae00000, 0x000000008ae00000| Complete 
| 175|0x000000008af00000, 0x000000008b000000, 0x000000008b000000|100%| S|CS|TAMS 0x000000008af00000, 0x000000008af00000| Complete 
| 176|0x000000008b000000, 0x000000008b000000, 0x000000008b100000|  0%| F|  |TAMS 0x000000008b000000, 0x000000008b000000| Untracked 
| 177|0x000000008b100000, 0x000000008b100000, 0x000000008b200000|  0%| F|  |TAMS 0x000000008b100000, 0x000000008b100000| Untracked 
| 178|0x000000008b200000, 0x000000008b200000, 0x000000008b300000|  0%| F|  |TAMS 0x000000008b200000, 0x000000008b200000| Untracked 
| 179|0x000000008b300000, 0x000000008b300000, 0x000000008b400000|  0%| F|  |TAMS 0x000000008b300000, 0x000000008b300000| Untracked 
| 180|0x000000008b400000, 0x000000008b400000, 0x000000008b500000|  0%| F|  |TAMS 0x000000008b400000, 0x000000008b400000| Untracked 
| 181|0x000000008b500000, 0x000000008b500000, 0x000000008b600000|  0%| F|  |TAMS 0x000000008b500000, 0x000000008b500000| Untracked 
| 182|0x000000008b600000, 0x000000008b600000, 0x000000008b700000|  0%| F|  |TAMS 0x000000008b600000, 0x000000008b600000| Untracked 
| 183|0x000000008b700000, 0x000000008b700000, 0x000000008b800000|  0%| F|  |TAMS 0x000000008b700000, 0x000000008b700000| Untracked 
| 184|0x000000008b800000, 0x000000008b800000, 0x000000008b900000|  0%| F|  |TAMS 0x000000008b800000, 0x000000008b800000| Untracked 
| 185|0x000000008b900000, 0x000000008b900000, 0x000000008ba00000|  0%| F|  |TAMS 0x000000008b900000, 0x000000008b900000| Untracked 
| 186|0x000000008ba00000, 0x000000008ba00000, 0x000000008bb00000|  0%| F|  |TAMS 0x000000008ba00000, 0x000000008ba00000| Untracked 
| 187|0x000000008bb00000, 0x000000008bb00000, 0x000000008bc00000|  0%| F|  |TAMS 0x000000008bb00000, 0x000000008bb00000| Untracked 
| 188|0x000000008bc00000, 0x000000008bc00000, 0x000000008bd00000|  0%| F|  |TAMS 0x000000008bc00000, 0x000000008bc00000| Untracked 
| 189|0x000000008bd00000, 0x000000008bd00000, 0x000000008be00000|  0%| F|  |TAMS 0x000000008bd00000, 0x000000008bd00000| Untracked 
| 190|0x000000008be00000, 0x000000008be00000, 0x000000008bf00000|  0%| F|  |TAMS 0x000000008be00000, 0x000000008be00000| Untracked 
| 191|0x000000008bf00000, 0x000000008bf00000, 0x000000008c000000|  0%| F|  |TAMS 0x000000008bf00000, 0x000000008bf00000| Untracked 
| 192|0x000000008c000000, 0x000000008c000000, 0x000000008c100000|  0%| F|  |TAMS 0x000000008c000000, 0x000000008c000000| Untracked 
| 193|0x000000008c100000, 0x000000008c100000, 0x000000008c200000|  0%| F|  |TAMS 0x000000008c100000, 0x000000008c100000| Untracked 
| 194|0x000000008c200000, 0x000000008c200000, 0x000000008c300000|  0%| F|  |TAMS 0x000000008c200000, 0x000000008c200000| Untracked 
| 195|0x000000008c300000, 0x000000008c300000, 0x000000008c400000|  0%| F|  |TAMS 0x000000008c300000, 0x000000008c300000| Untracked 
| 196|0x000000008c400000, 0x000000008c400000, 0x000000008c500000|  0%| F|  |TAMS 0x000000008c400000, 0x000000008c400000| Untracked 
| 197|0x000000008c500000, 0x000000008c500000, 0x000000008c600000|  0%| F|  |TAMS 0x000000008c500000, 0x000000008c500000| Untracked 
| 198|0x000000008c600000, 0x000000008c600000, 0x000000008c700000|  0%| F|  |TAMS 0x000000008c600000, 0x000000008c600000| Untracked 
| 199|0x000000008c700000, 0x000000008c700000, 0x000000008c800000|  0%| F|  |TAMS 0x000000008c700000, 0x000000008c700000| Untracked 
| 200|0x000000008c800000, 0x000000008c800000, 0x000000008c900000|  0%| F|  |TAMS 0x000000008c800000, 0x000000008c800000| Untracked 
| 201|0x000000008c900000, 0x000000008c900000, 0x000000008ca00000|  0%| F|  |TAMS 0x000000008c900000, 0x000000008c900000| Untracked 
| 202|0x000000008ca00000, 0x000000008ca00000, 0x000000008cb00000|  0%| F|  |TAMS 0x000000008ca00000, 0x000000008ca00000| Untracked 
| 203|0x000000008cb00000, 0x000000008cb00000, 0x000000008cc00000|  0%| F|  |TAMS 0x000000008cb00000, 0x000000008cb00000| Untracked 
| 204|0x000000008cc00000, 0x000000008cc00000, 0x000000008cd00000|  0%| F|  |TAMS 0x000000008cc00000, 0x000000008cc00000| Untracked 
| 205|0x000000008cd00000, 0x000000008cd00000, 0x000000008ce00000|  0%| F|  |TAMS 0x000000008cd00000, 0x000000008cd00000| Untracked 
| 206|0x000000008ce00000, 0x000000008ce00000, 0x000000008cf00000|  0%| F|  |TAMS 0x000000008ce00000, 0x000000008ce00000| Untracked 
| 207|0x000000008cf00000, 0x000000008cf00000, 0x000000008d000000|  0%| F|  |TAMS 0x000000008cf00000, 0x000000008cf00000| Untracked 
| 208|0x000000008d000000, 0x000000008d000000, 0x000000008d100000|  0%| F|  |TAMS 0x000000008d000000, 0x000000008d000000| Untracked 
| 209|0x000000008d100000, 0x000000008d100000, 0x000000008d200000|  0%| F|  |TAMS 0x000000008d100000, 0x000000008d100000| Untracked 
| 210|0x000000008d200000, 0x000000008d200000, 0x000000008d300000|  0%| F|  |TAMS 0x000000008d200000, 0x000000008d200000| Untracked 
| 211|0x000000008d300000, 0x000000008d300000, 0x000000008d400000|  0%| F|  |TAMS 0x000000008d300000, 0x000000008d300000| Untracked 
| 212|0x000000008d400000, 0x000000008d400000, 0x000000008d500000|  0%| F|  |TAMS 0x000000008d400000, 0x000000008d400000| Untracked 
| 213|0x000000008d500000, 0x000000008d500000, 0x000000008d600000|  0%| F|  |TAMS 0x000000008d500000, 0x000000008d500000| Untracked 
| 214|0x000000008d600000, 0x000000008d600000, 0x000000008d700000|  0%| F|  |TAMS 0x000000008d600000, 0x000000008d600000| Untracked 
| 215|0x000000008d700000, 0x000000008d700000, 0x000000008d800000|  0%| F|  |TAMS 0x000000008d700000, 0x000000008d700000| Untracked 
| 216|0x000000008d800000, 0x000000008d800000, 0x000000008d900000|  0%| F|  |TAMS 0x000000008d800000, 0x000000008d800000| Untracked 
| 217|0x000000008d900000, 0x000000008d900000, 0x000000008da00000|  0%| F|  |TAMS 0x000000008d900000, 0x000000008d900000| Untracked 
| 218|0x000000008da00000, 0x000000008da00000, 0x000000008db00000|  0%| F|  |TAMS 0x000000008da00000, 0x000000008da00000| Untracked 
| 219|0x000000008db00000, 0x000000008db00000, 0x000000008dc00000|  0%| F|  |TAMS 0x000000008db00000, 0x000000008db00000| Untracked 
| 220|0x000000008dc00000, 0x000000008dc00000, 0x000000008dd00000|  0%| F|  |TAMS 0x000000008dc00000, 0x000000008dc00000| Untracked 
| 221|0x000000008dd00000, 0x000000008dd00000, 0x000000008de00000|  0%| F|  |TAMS 0x000000008dd00000, 0x000000008dd00000| Untracked 

Card table byte_map: [0x00000208fbf80000,0x00000208fc380000] _byte_map_base: 0x00000208fbb80000

Marking Bits (Prev, Next): (CMBitMap*) 0x00000208f80e70f8, (CMBitMap*) 0x00000208f80e7130
 Prev Bits: [0x00000208fc780000, 0x00000208fe780000)
 Next Bits: [0x000002088f000000, 0x0000020891000000)

Polling page: 0x00000208f7870000

Metaspace:

Usage:
  Non-class:    111.13 MB capacity,   108.93 MB ( 98%) used,     1.76 MB (  2%) free+waste,   446.44 KB ( <1%) overhead. 
      Class:     16.89 MB capacity,    15.54 MB ( 92%) used,     1.15 MB (  7%) free+waste,   199.56 KB (  1%) overhead. 
       Both:    128.01 MB capacity,   124.47 MB ( 97%) used,     2.91 MB (  2%) free+waste,   646.00 KB ( <1%) overhead. 

Virtual space:
  Non-class space:      112.00 MB reserved,     111.25 MB (>99%) committed 
      Class space:        1.00 GB reserved,      17.00 MB (  2%) committed 
             Both:        1.11 GB reserved,     128.25 MB ( 11%) committed 

Chunk freelists:
   Non-Class:  0 bytes
       Class:  50.00 KB
        Both:  50.00 KB

MaxMetaspaceSize: 17179869184.00 GB
CompressedClassSpaceSize: 1.00 GB

CodeHeap 'non-profiled nmethods': size=120064Kb used=16228Kb max_used=16228Kb free=103835Kb
 bounds [0x0000020887ac0000, 0x0000020888aa0000, 0x000002088f000000]
CodeHeap 'profiled nmethods': size=120000Kb used=49653Kb max_used=49653Kb free=70346Kb
 bounds [0x0000020880590000, 0x0000020883640000, 0x0000020887ac0000]
CodeHeap 'non-nmethods': size=5696Kb used=2380Kb max_used=2458Kb free=3315Kb
 bounds [0x0000020880000000, 0x0000020880280000, 0x0000020880590000]
 total_blobs=22507 nmethods=21496 adapters=920
 compilation: enabled
              stopped_count=0, restarted_count=0
 full_count=0

Compilation events (20 events):
Event: 510.514 Thread 0x00000208ff5fc000 23942       3       com.android.tools.r8.internal.v::put (10 bytes)
Event: 510.514 Thread 0x00000208ff5fc000 nmethod 23942 0x000002088362df10 code [0x000002088362e0e0, 0x000002088362e388]
Event: 510.514 Thread 0x00000208ff5fc000 23943       3       com.android.tools.r8.internal.v::a (29 bytes)
Event: 510.515 Thread 0x00000208ff5fc000 nmethod 23943 0x000002088362e490 code [0x000002088362e660, 0x000002088362e978]
Event: 510.518 Thread 0x00000208ff5fc000 23944       3       com.android.tools.r8.graph.f0$x::<init> (5 bytes)
Event: 510.518 Thread 0x00000208ff5fc000 nmethod 23944 0x000002088362ea90 code [0x000002088362ec60, 0x000002088362eed8]
Event: 510.518 Thread 0x00000208ff5fc000 23945       3       com.android.tools.r8.graph.f0$x::<init> (5 bytes)
Event: 510.518 Thread 0x00000208ff5fc000 nmethod 23945 0x000002088362f010 code [0x000002088362f1e0, 0x000002088362f3f8]
Event: 510.520 Thread 0x00000208ff5fc000 23947       1       com.android.tools.r8.internal.ID::a2 (3 bytes)
Event: 510.521 Thread 0x00000208ff5fc000 nmethod 23947 0x0000020888a9c510 code [0x0000020888a9c6c0, 0x0000020888a9c778]
Event: 510.521 Thread 0x00000208ff5fc000 23948       3       com.android.tools.r8.internal.VG::a (100 bytes)
Event: 510.521 Thread 0x00000208ff5fc000 nmethod 23948 0x000002088362f510 code [0x000002088362f7c0, 0x00000208836303c8]
Event: 510.521 Thread 0x00000208ff5fc000 23949       3       com.android.tools.r8.graph.I0$c::e (2 bytes)
Event: 510.522 Thread 0x00000208ff5fc000 nmethod 23949 0x0000020883630810 code [0x00000208836309c0, 0x0000020883630ab8]
Event: 510.522 Thread 0x00000208ff5fc000 23950  s    3       com.android.tools.r8.graph.v$b::a (16 bytes)
Event: 510.522 Thread 0x00000208ff5fc000 nmethod 23950 0x0000020883630b90 code [0x0000020883630d60, 0x0000020883631138]
Event: 510.522 Thread 0x00000208ff5fc000 23952       2       com.android.tools.r8.internal.qz::<init> (196 bytes)
Event: 510.523 Thread 0x00000208ff5fc000 nmethod 23952 0x0000020883631210 code [0x0000020883631460, 0x0000020883631cb8]
Event: 510.524 Thread 0x00000208ff5fc000 23953       2       com.android.tools.r8.internal.C2::h2 (40 bytes)
Event: 510.524 Thread 0x00000208ff5fc000 nmethod 23953 0x0000020883632010 code [0x0000020883632200, 0x00000208836324c8]

GC Heap History (20 events):
Event: 508.185 GC heap after
{Heap after GC invocations=91 (full 0):
 garbage-first heap   total 189440K, used 117188K [0x0000000080000000, 0x0000000100000000)
  region size 1024K, 2 young (2048K), 2 survivors (2048K)
 Metaspace       used 125487K, capacity 129126K, committed 129280K, reserved 1161216K
  class space    used 15898K, capacity 17285K, committed 17408K, reserved 1048576K
}
Event: 508.518 GC heap before
{Heap before GC invocations=91 (full 0):
 garbage-first heap   total 189440K, used 156100K [0x0000000080000000, 0x0000000100000000)
  region size 1024K, 41 young (41984K), 2 survivors (2048K)
 Metaspace       used 125936K, capacity 129602K, committed 129792K, reserved 1161216K
  class space    used 15905K, capacity 17289K, committed 17408K, reserved 1048576K
}
Event: 508.520 GC heap after
{Heap after GC invocations=92 (full 0):
 garbage-first heap   total 189440K, used 114826K [0x0000000080000000, 0x0000000100000000)
  region size 1024K, 1 young (1024K), 1 survivors (1024K)
 Metaspace       used 125936K, capacity 129602K, committed 129792K, reserved 1161216K
  class space    used 15905K, capacity 17289K, committed 17408K, reserved 1048576K
}
Event: 508.916 GC heap before
{Heap before GC invocations=93 (full 0):
 garbage-first heap   total 189440K, used 159882K [0x0000000080000000, 0x0000000100000000)
  region size 1024K, 44 young (45056K), 1 survivors (1024K)
 Metaspace       used 126095K, capacity 129699K, committed 130048K, reserved 1161216K
  class space    used 15880K, capacity 17240K, committed 17408K, reserved 1048576K
}
Event: 508.925 GC heap after
{Heap after GC invocations=94 (full 0):
 garbage-first heap   total 189440K, used 124173K [0x0000000080000000, 0x0000000100000000)
  region size 1024K, 6 young (6144K), 6 survivors (6144K)
 Metaspace       used 126095K, capacity 129699K, committed 130048K, reserved 1161216K
  class space    used 15880K, capacity 17240K, committed 17408K, reserved 1048576K
}
Event: 508.928 GC heap before
{Heap before GC invocations=94 (full 0):
 garbage-first heap   total 189440K, used 127245K [0x0000000080000000, 0x0000000100000000)
  region size 1024K, 9 young (9216K), 6 survivors (6144K)
 Metaspace       used 126095K, capacity 129699K, committed 130048K, reserved 1161216K
  class space    used 15880K, capacity 17240K, committed 17408K, reserved 1048576K
}
Event: 508.937 GC heap after
{Heap after GC invocations=95 (full 0):
 garbage-first heap   total 189440K, used 122902K [0x0000000080000000, 0x0000000100000000)
  region size 1024K, 1 young (1024K), 1 survivors (1024K)
 Metaspace       used 126095K, capacity 129699K, committed 130048K, reserved 1161216K
  class space    used 15880K, capacity 17240K, committed 17408K, reserved 1048576K
}
Event: 509.068 GC heap before
{Heap before GC invocations=95 (full 0):
 garbage-first heap   total 189440K, used 155670K [0x0000000080000000, 0x0000000100000000)
  region size 1024K, 33 young (33792K), 1 survivors (1024K)
 Metaspace       used 126270K, capacity 129842K, committed 130048K, reserved 1161216K
  class space    used 15881K, capacity 17241K, committed 17408K, reserved 1048576K
}
Event: 509.079 GC heap after
{Heap after GC invocations=96 (full 0):
 garbage-first heap   total 189440K, used 128547K [0x0000000080000000, 0x0000000100000000)
  region size 1024K, 5 young (5120K), 5 survivors (5120K)
 Metaspace       used 126270K, capacity 129842K, committed 130048K, reserved 1161216K
  class space    used 15881K, capacity 17241K, committed 17408K, reserved 1048576K
}
Event: 509.381 GC heap before
{Heap before GC invocations=97 (full 0):
 garbage-first heap   total 189440K, used 155171K [0x0000000080000000, 0x0000000100000000)
  region size 1024K, 32 young (32768K), 5 survivors (5120K)
 Metaspace       used 126507K, capacity 130048K, committed 130304K, reserved 1163264K
  class space    used 15883K, capacity 17241K, committed 17408K, reserved 1048576K
}
Event: 509.391 GC heap after
{Heap after GC invocations=98 (full 0):
 garbage-first heap   total 189440K, used 131248K [0x0000000080000000, 0x0000000100000000)
  region size 1024K, 3 young (3072K), 3 survivors (3072K)
 Metaspace       used 126507K, capacity 130048K, committed 130304K, reserved 1163264K
  class space    used 15883K, capacity 17241K, committed 17408K, reserved 1048576K
}
Event: 509.449 GC heap before
{Heap before GC invocations=98 (full 0):
 garbage-first heap   total 189440K, used 139440K [0x0000000080000000, 0x0000000100000000)
  region size 1024K, 9 young (9216K), 3 survivors (3072K)
 Metaspace       used 126513K, capacity 130051K, committed 130304K, reserved 1163264K
  class space    used 15883K, capacity 17241K, committed 17408K, reserved 1048576K
}
Event: 509.463 GC heap after
{Heap after GC invocations=99 (full 0):
 garbage-first heap   total 227328K, used 119901K [0x0000000080000000, 0x0000000100000000)
  region size 1024K, 2 young (2048K), 2 survivors (2048K)
 Metaspace       used 126513K, capacity 130051K, committed 130304K, reserved 1163264K
  class space    used 15883K, capacity 17241K, committed 17408K, reserved 1048576K
}
Event: 509.883 GC heap before
{Heap before GC invocations=99 (full 0):
 garbage-first heap   total 227328K, used 164957K [0x0000000080000000, 0x0000000100000000)
  region size 1024K, 47 young (48128K), 2 survivors (2048K)
 Metaspace       used 126959K, capacity 130543K, committed 130816K, reserved 1163264K
  class space    used 15908K, capacity 17292K, committed 17408K, reserved 1048576K
}
Event: 509.898 GC heap after
{Heap after GC invocations=100 (full 0):
 garbage-first heap   total 227328K, used 128563K [0x0000000080000000, 0x0000000100000000)
  region size 1024K, 6 young (6144K), 6 survivors (6144K)
 Metaspace       used 126959K, capacity 130543K, committed 130816K, reserved 1163264K
  class space    used 15908K, capacity 17292K, committed 17408K, reserved 1048576K
}
Event: 510.355 GC heap before
{Heap before GC invocations=101 (full 0):
 garbage-first heap   total 227328K, used 172595K [0x0000000080000000, 0x0000000100000000)
  region size 1024K, 49 young (50176K), 6 survivors (6144K)
 Metaspace       used 127416K, capacity 131080K, committed 131328K, reserved 1163264K
  class space    used 15912K, capacity 17293K, committed 17408K, reserved 1048576K
}
Event: 510.363 GC heap after
{Heap after GC invocations=102 (full 0):
 garbage-first heap   total 227328K, used 134144K [0x0000000080000000, 0x0000000100000000)
  region size 1024K, 6 young (6144K), 6 survivors (6144K)
 Metaspace       used 127416K, capacity 131080K, committed 131328K, reserved 1163264K
  class space    used 15912K, capacity 17293K, committed 17408K, reserved 1048576K
}
Event: 510.379 GC heap before
{Heap before GC invocations=102 (full 0):
 garbage-first heap   total 227328K, used 138240K [0x0000000080000000, 0x0000000100000000)
  region size 1024K, 11 young (11264K), 6 survivors (6144K)
 Metaspace       used 127418K, capacity 131080K, committed 131328K, reserved 1163264K
  class space    used 15912K, capacity 17293K, committed 17408K, reserved 1048576K
}
Event: 510.386 GC heap after
{Heap after GC invocations=103 (full 0):
 garbage-first heap   total 227328K, used 126244K [0x0000000080000000, 0x0000000100000000)
  region size 1024K, 2 young (2048K), 2 survivors (2048K)
 Metaspace       used 127418K, capacity 131080K, committed 131328K, reserved 1163264K
  class space    used 15912K, capacity 17293K, committed 17408K, reserved 1048576K
}
Event: 510.525 GC heap before
{Heap before GC invocations=103 (full 0):
 garbage-first heap   total 227328K, used 171300K [0x0000000080000000, 0x0000000100000000)
  region size 1024K, 46 young (47104K), 2 survivors (2048K)
 Metaspace       used 127458K, capacity 131086K, committed 131328K, reserved 1163264K
  class space    used 15913K, capacity 17294K, committed 17408K, reserved 1048576K
}

Deoptimization events (20 events):
Event: 510.136 Thread 0x0000020894d2e800 DEOPT PACKING pc=0x00000208881f026c sp=0x000000ed16cf9a70
Event: 510.136 Thread 0x0000020894d2e800 DEOPT UNPACKING pc=0x00000208800278af sp=0x000000ed16cf9a50 mode 2
Event: 510.218 Thread 0x0000020894d2e800 Uncommon trap: trap_request=0xffffff4d fr.pc=0x00000208880bf5a4 relative=0x0000000000002604
Event: 510.218 Thread 0x0000020894d2e800 Uncommon trap: reason=unstable_if action=reinterpret pc=0x00000208880bf5a4 method=com.android.tools.r8.graph.B0$d.c()V @ 216 c2
Event: 510.218 Thread 0x0000020894d2e800 DEOPT PACKING pc=0x00000208880bf5a4 sp=0x000000ed16cf95d0
Event: 510.218 Thread 0x0000020894d2e800 DEOPT UNPACKING pc=0x00000208800278af sp=0x000000ed16cf9588 mode 2
Event: 510.341 Thread 0x0000020894d2e800 Uncommon trap: trap_request=0xffffff76 fr.pc=0x0000020888a871a0 relative=0x0000000000001d80
Event: 510.341 Thread 0x0000020894d2e800 Uncommon trap: reason=loop_limit_check action=maybe_recompile pc=0x0000020888a871a0 method=com.android.tools.r8.internal.x.putAll(Ljava/util/Map;)V @ 31 c2
Event: 510.341 Thread 0x0000020894d2e800 DEOPT PACKING pc=0x0000020888a871a0 sp=0x000000ed16cf98c0
Event: 510.341 Thread 0x0000020894d2e800 DEOPT UNPACKING pc=0x00000208800278af sp=0x000000ed16cf98d8 mode 2
Event: 510.389 Thread 0x0000020894d2e800 Uncommon trap: trap_request=0xffffff4d fr.pc=0x0000020888a2d364 relative=0x0000000000002364
Event: 510.389 Thread 0x0000020894d2e800 Uncommon trap: reason=unstable_if action=reinterpret pc=0x0000020888a2d364 method=com.android.tools.r8.graph.B0$c.a()V @ 355 c2
Event: 510.389 Thread 0x0000020894d2e800 DEOPT PACKING pc=0x0000020888a2d364 sp=0x000000ed16cf94c0
Event: 510.389 Thread 0x0000020894d2e800 DEOPT UNPACKING pc=0x00000208800278af sp=0x000000ed16cf9490 mode 2
Event: 510.412 Thread 0x0000020894d2e800 DEOPT PACKING pc=0x000002088316ab7e sp=0x000000ed16cfa1f0
Event: 510.412 Thread 0x0000020894d2e800 DEOPT UNPACKING pc=0x00000208800276ce sp=0x000000ed16cf98d0 mode 0
Event: 510.467 Thread 0x0000020894d2e000 DEOPT PACKING pc=0x00000208830fbbb4 sp=0x000000ed16bfacd0
Event: 510.467 Thread 0x0000020894d2e000 DEOPT UNPACKING pc=0x00000208800276ce sp=0x000000ed16bfa5b8 mode 0
Event: 510.503 Thread 0x0000020894d2e000 DEOPT PACKING pc=0x0000020880e93aaa sp=0x000000ed16bfac40
Event: 510.503 Thread 0x0000020894d2e000 DEOPT UNPACKING pc=0x00000208800276ce sp=0x000000ed16bfa118 mode 0

Classes redefined (0 events):
No events

Internal exceptions (20 events):
Event: 507.585 Thread 0x00000208980b3000 Exception <a 'sun/nio/fs/WindowsException'{0x00000000888273d0}> (0x00000000888273d0) thrown at [./src/hotspot/share/prims/jni.cpp, line 615]
Event: 507.590 Thread 0x0000020894d2a000 Exception <a 'sun/nio/fs/WindowsException'{0x00000000888e9e00}> (0x00000000888e9e00) thrown at [./src/hotspot/share/prims/jni.cpp, line 615]
Event: 508.058 Thread 0x0000020894d2e000 Exception <a 'sun/nio/fs/WindowsException'{0x0000000089c1de58}> (0x0000000089c1de58) thrown at [./src/hotspot/share/prims/jni.cpp, line 615]
Event: 508.090 Thread 0x0000020894d2e800 Exception <a 'sun/nio/fs/WindowsException'{0x000000008979e220}> (0x000000008979e220) thrown at [./src/hotspot/share/prims/jni.cpp, line 615]
Event: 508.315 Thread 0x0000020894d2e000 Exception <a 'sun/nio/fs/WindowsException'{0x000000008a4e8d20}> (0x000000008a4e8d20) thrown at [./src/hotspot/share/prims/jni.cpp, line 615]
Event: 508.360 Thread 0x0000020894d2e800 Exception <a 'sun/nio/fs/WindowsException'{0x000000008a2f9808}> (0x000000008a2f9808) thrown at [./src/hotspot/share/prims/jni.cpp, line 615]
Event: 508.820 Thread 0x0000020894d2e000 Exception <a 'sun/nio/fs/WindowsException'{0x0000000089fc67b8}> (0x0000000089fc67b8) thrown at [./src/hotspot/share/prims/jni.cpp, line 615]
Event: 508.820 Thread 0x0000020894d2e800 Exception <a 'sun/nio/fs/WindowsException'{0x0000000089feb178}> (0x0000000089feb178) thrown at [./src/hotspot/share/prims/jni.cpp, line 615]
Event: 508.914 Thread 0x0000020894d2e800 Exception <a 'sun/nio/fs/WindowsException'{0x0000000088dce370}> (0x0000000088dce370) thrown at [./src/hotspot/share/prims/jni.cpp, line 615]
Event: 508.962 Thread 0x0000020894d2a000 Exception <a 'sun/nio/fs/WindowsException'{0x000000008a708fe0}> (0x000000008a708fe0) thrown at [./src/hotspot/share/prims/jni.cpp, line 615]
Event: 509.031 Thread 0x00000208980b3000 Exception <a 'sun/nio/fs/WindowsException'{0x0000000089b00510}> (0x0000000089b00510) thrown at [./src/hotspot/share/prims/jni.cpp, line 615]
Event: 509.311 Thread 0x0000020894d2a000 Exception <a 'sun/nio/fs/WindowsException'{0x000000008a8cdd78}> (0x000000008a8cdd78) thrown at [./src/hotspot/share/prims/jni.cpp, line 615]
Event: 509.343 Thread 0x0000020894d2e000 Exception <a 'sun/nio/fs/WindowsException'{0x000000008a3ee140}> (0x000000008a3ee140) thrown at [./src/hotspot/share/prims/jni.cpp, line 615]
Event: 509.355 Thread 0x00000208980b3000 Exception <a 'sun/nio/fs/WindowsException'{0x000000008a1c4040}> (0x000000008a1c4040) thrown at [./src/hotspot/share/prims/jni.cpp, line 615]
Event: 509.477 Thread 0x0000020894d2e800 Exception <a 'sun/nio/fs/WindowsException'{0x000000008dbe4bf8}> (0x000000008dbe4bf8) thrown at [./src/hotspot/share/prims/jni.cpp, line 615]
Event: 509.602 Thread 0x0000020894d2e000 Exception <a 'sun/nio/fs/WindowsException'{0x000000008cba7a80}> (0x000000008cba7a80) thrown at [./src/hotspot/share/prims/jni.cpp, line 615]
Event: 509.838 Thread 0x0000020894d2e800 Exception <a 'java/lang/NoSuchMethodError'{0x000000008b6a92e8}: 'java.lang.Object java.lang.invoke.DirectMethodHandle$Holder.invokeInterface(java.lang.Object, java.lang.Object, int)'> (0x000000008b6a92e8) thrown at [./src/hotspot/share/interpreter/linkResolver.cpp, line 773]
Event: 509.838 Thread 0x0000020894d2e000 Exception <a 'java/lang/NoSuchMethodError'{0x000000008b563eb8}: 'java.lang.Object java.lang.invoke.DirectMethodHandle$Holder.invokeInterface(java.lang.Object, java.lang.Object, int)'> (0x000000008b563eb8) thrown at [./src/hotspot/share/interpreter/linkResolver.cpp, line 773]
Event: 510.121 Thread 0x0000020894d2e000 Exception <a 'sun/nio/fs/WindowsException'{0x000000008d89e668}> (0x000000008d89e668) thrown at [./src/hotspot/share/prims/jni.cpp, line 615]
Event: 510.405 Thread 0x0000020894d2e000 Exception <a 'sun/nio/fs/WindowsException'{0x000000008d4a8eb8}> (0x000000008d4a8eb8) thrown at [./src/hotspot/share/prims/jni.cpp, line 615]

Events (20 events):
Event: 510.106 loading class com/android/tools/r8/internal/B7 done
Event: 510.179 Executing VM operation: CGC_Operation
Event: 510.180 Executing VM operation: CGC_Operation done
Event: 510.189 loading class com/android/tools/r8/internal/yh
Event: 510.189 loading class com/android/tools/r8/internal/yh done
Event: 510.200 loading class com/android/tools/r8/graph/Q
Event: 510.200 loading class com/android/tools/r8/graph/Q done
Event: 510.200 loading class com/android/tools/r8/internal/tz
Event: 510.200 loading class com/android/tools/r8/internal/tz done
Event: 510.200 loading class com/android/tools/r8/graph/Q
Event: 510.200 loading class com/android/tools/r8/graph/Q done
Event: 510.355 Executing VM operation: G1CollectForAllocation
Event: 510.363 Executing VM operation: G1CollectForAllocation done
Event: 510.379 Executing VM operation: G1CollectForAllocation
Event: 510.387 Executing VM operation: G1CollectForAllocation done
Event: 510.460 loading class com/android/tools/r8/graph/B0$d
Event: 510.460 loading class com/android/tools/r8/graph/B0$d done
Event: 510.490 loading class com/android/tools/r8/internal/Z4
Event: 510.490 loading class com/android/tools/r8/internal/Z4 done
Event: 510.525 Executing VM operation: G1CollectForAllocation


Dynamic libraries:
0x00007ff60cd50000 - 0x00007ff60cd5a000 	C:\Program Files\Android\Android Studio\jre\bin\java.exe
0x00007ffea9490000 - 0x00007ffea967d000 	C:\Windows\SYSTEM32\ntdll.dll
0x00007ffe89cb0000 - 0x00007ffe89cc5000 	C:\Program Files\Avast Software\Avast\aswhook.dll
0x00007ffea7880000 - 0x00007ffea7934000 	C:\Windows\System32\KERNEL32.DLL
0x00007ffea5f60000 - 0x00007ffea61f5000 	C:\Windows\System32\KERNELBASE.dll
0x00007ffea65a0000 - 0x00007ffea669a000 	C:\Windows\System32\ucrtbase.dll
0x00007ffe97b90000 - 0x00007ffe97ba7000 	C:\Program Files\Android\Android Studio\jre\bin\VCRUNTIME140.dll
0x00007ffe97bb0000 - 0x00007ffe97bc9000 	C:\Program Files\Android\Android Studio\jre\bin\jli.dll
0x00007ffea7200000 - 0x00007ffea7397000 	C:\Windows\System32\USER32.dll
0x00007ffea5f40000 - 0x00007ffea5f60000 	C:\Windows\System32\win32u.dll
0x00007ffea6d50000 - 0x00007ffea6d79000 	C:\Windows\System32\GDI32.dll
0x00007ffe97eb0000 - 0x00007ffe98129000 	C:\Windows\WinSxS\amd64_microsoft.windows.common-controls_6595b64144ccf1df_6.0.17763.2237_none_de70457e534c3aa8\COMCTL32.dll
0x00007ffea6980000 - 0x00007ffea6a1e000 	C:\Windows\System32\msvcrt.dll
0x00007ffea5600000 - 0x00007ffea579c000 	C:\Windows\System32\gdi32full.dll
0x00007ffea6200000 - 0x00007ffea62a0000 	C:\Windows\System32\msvcp_win.dll
0x00007ffea6a20000 - 0x00007ffea6d4d000 	C:\Windows\System32\combase.dll
0x00007ffea74d0000 - 0x00007ffea75ef000 	C:\Windows\System32\RPCRT4.dll
0x00007ffea64e0000 - 0x00007ffea6562000 	C:\Windows\System32\bcryptPrimitives.dll
0x00007ffea6e20000 - 0x00007ffea6e4e000 	C:\Windows\System32\IMM32.DLL
0x00007ffe8c9b0000 - 0x00007ffe8ca4d000 	C:\Program Files\Android\Android Studio\jre\bin\msvcp140.dll
0x00007ffe78f10000 - 0x00007ffe799df000 	C:\Program Files\Android\Android Studio\jre\bin\server\jvm.dll
0x00007ffea6ec0000 - 0x00007ffea6f64000 	C:\Windows\System32\ADVAPI32.dll
0x00007ffea93c0000 - 0x00007ffea945e000 	C:\Windows\System32\sechost.dll
0x00007ffea6d90000 - 0x00007ffea6d98000 	C:\Windows\System32\PSAPI.DLL
0x00007ffe952a0000 - 0x00007ffe952a9000 	C:\Windows\SYSTEM32\WSOCK32.dll
0x00007ffea6e50000 - 0x00007ffea6ebd000 	C:\Windows\System32\WS2_32.dll
0x00007ffea3400000 - 0x00007ffea3424000 	C:\Windows\SYSTEM32\WINMM.dll
0x00007ffea0cb0000 - 0x00007ffea0cba000 	C:\Windows\SYSTEM32\VERSION.dll
0x00007ffea33d0000 - 0x00007ffea33fd000 	C:\Windows\SYSTEM32\winmmbase.dll
0x00007ffea5ef0000 - 0x00007ffea5f3a000 	C:\Windows\System32\cfgmgr32.dll
0x00007ffea5480000 - 0x00007ffea5491000 	C:\Windows\System32\kernel.appcore.dll
0x00007ffe836f0000 - 0x00007ffe83701000 	C:\Program Files\Android\Android Studio\jre\bin\verify.dll
0x00007ffe9f0f0000 - 0x00007ffe9f2dd000 	C:\Windows\SYSTEM32\DBGHELP.DLL
0x00007ffe9f420000 - 0x00007ffe9f44a000 	C:\Windows\SYSTEM32\dbgcore.DLL
0x00007ffe7b550000 - 0x00007ffe7b579000 	C:\Program Files\Android\Android Studio\jre\bin\java.dll
0x00007ffe88f80000 - 0x00007ffe88f8b000 	C:\Program Files\Android\Android Studio\jre\bin\jimage.dll
0x00007ffe836d0000 - 0x00007ffe836e8000 	C:\Program Files\Android\Android Studio\jre\bin\zip.dll
0x00007ffea7ec0000 - 0x00007ffea93b8000 	C:\Windows\System32\SHELL32.dll
0x00007ffea70e0000 - 0x00007ffea7188000 	C:\Windows\System32\shcore.dll
0x00007ffea57a0000 - 0x00007ffea5eea000 	C:\Windows\System32\windows.storage.dll
0x00007ffea5500000 - 0x00007ffea5524000 	C:\Windows\System32\profapi.dll
0x00007ffea54a0000 - 0x00007ffea54fd000 	C:\Windows\System32\powrprof.dll
0x00007ffea71a0000 - 0x00007ffea71f2000 	C:\Windows\System32\shlwapi.dll
0x00007ffea66a0000 - 0x00007ffea66b7000 	C:\Windows\System32\cryptsp.dll
0x00007ffe8bf80000 - 0x00007ffe8bf9a000 	C:\Program Files\Android\Android Studio\jre\bin\net.dll
0x00007ffe9f750000 - 0x00007ffe9f841000 	C:\Windows\SYSTEM32\WINHTTP.dll
0x00007ffea4cd0000 - 0x00007ffea4d37000 	C:\Windows\system32\mswsock.dll
0x00007ffe8bf60000 - 0x00007ffe8bf74000 	C:\Program Files\Android\Android Studio\jre\bin\nio.dll
0x00007ffea1d10000 - 0x00007ffea1d37000 	C:\Users\User\.gradle\native\8bec1ad78214c89d9ad589b4d07fe93259594b29d510b10fafb7a158f7737e5d\windows-amd64\native-platform.dll
0x00007ffe60ca0000 - 0x00007ffe60ddd000 	C:\Users\User\.gradle\native\53dbd7edfb1c66fb8903c78663c9afc45aea4f116125fa6feffd364cf09443e8\windows-amd64\native-platform-file-events.dll
0x00007ffea3520000 - 0x00007ffea352a000 	C:\Program Files\Android\Android Studio\jre\bin\management.dll
0x00007ffe8bef0000 - 0x00007ffe8befc000 	C:\Program Files\Android\Android Studio\jre\bin\management_ext.dll
0x00007ffea4860000 - 0x00007ffea4893000 	C:\Windows\system32\rsaenh.dll
0x00007ffea6570000 - 0x00007ffea6596000 	C:\Windows\System32\bcrypt.dll
0x00007ffea53b0000 - 0x00007ffea53d9000 	C:\Windows\SYSTEM32\USERENV.dll
0x00007ffea4ea0000 - 0x00007ffea4eac000 	C:\Windows\SYSTEM32\CRYPTBASE.dll
0x00007ffea49f0000 - 0x00007ffea4a2d000 	C:\Windows\SYSTEM32\IPHLPAPI.DLL
0x00007ffea6d80000 - 0x00007ffea6d88000 	C:\Windows\System32\NSI.dll
0x00007ffe9c5b0000 - 0x00007ffe9c5c6000 	C:\Windows\SYSTEM32\dhcpcsvc6.DLL
0x00007ffe9f6c0000 - 0x00007ffe9f6dc000 	C:\Windows\SYSTEM32\dhcpcsvc.DLL
0x00007ffea4a30000 - 0x00007ffea4af6000 	C:\Windows\SYSTEM32\DNSAPI.dll
0x00007ffe8b7e0000 - 0x00007ffe8b807000 	C:\Program Files\Android\Android Studio\jre\bin\sunec.dll
0x00007ffe9f870000 - 0x00007ffe9f878000 	C:\Program Files\Android\Android Studio\jre\bin\rmi.dll

dbghelp: loaded successfully - version: 4.0.5 - missing functions: none
symbol engine: initialized successfully - sym options: 0x614 - pdb path: .;C:\Program Files\Android\Android Studio\jre\bin;C:\Windows\SYSTEM32;C:\Program Files\Avast Software\Avast;C:\Windows\WinSxS\amd64_microsoft.windows.common-controls_6595b64144ccf1df_6.0.17763.2237_none_de70457e534c3aa8;C:\Program Files\Android\Android Studio\jre\bin\server;C:\Users\User\.gradle\native\8bec1ad78214c89d9ad589b4d07fe93259594b29d510b10fafb7a158f7737e5d\windows-amd64;C:\Users\User\.gradle\native\53dbd7edfb1c66fb8903c78663c9afc45aea4f116125fa6feffd364cf09443e8\windows-amd64

VM Arguments:
jvm_args: --add-opens=java.base/java.util=ALL-UNNAMED --add-opens=java.base/java.lang=ALL-UNNAMED --add-opens=java.base/java.lang.invoke=ALL-UNNAMED --add-opens=java.base/java.util=ALL-UNNAMED --add-opens=java.prefs/java.util.prefs=ALL-UNNAMED --add-opens=java.prefs/java.util.prefs=ALL-UNNAMED --add-opens=java.base/java.nio.charset=ALL-UNNAMED --add-opens=java.base/java.net=ALL-UNNAMED --add-opens=java.base/java.util.concurrent.atomic=ALL-UNNAMED -Xmx2048m -Dfile.encoding=UTF-8 -Duser.country=RU -Duser.language=ru -Duser.variant 
java_command: org.gradle.launcher.daemon.bootstrap.GradleDaemon 7.0.2
java_class_path (initial): C:\Users\User\.gradle\wrapper\dists\gradle-7.0.2-bin\857tjihv64xamwrf0h14cai3r\gradle-7.0.2\lib\gradle-launcher-7.0.2.jar
Launcher Type: SUN_STANDARD

[Global flags]
     intx CICompilerCount                          = 3                                         {product} {ergonomic}
     uint ConcGCThreads                            = 1                                         {product} {ergonomic}
     uint G1ConcRefinementThreads                  = 4                                         {product} {ergonomic}
   size_t G1HeapRegionSize                         = 1048576                                   {product} {ergonomic}
    uintx GCDrainStackTargetSize                   = 64                                        {product} {ergonomic}
   size_t InitialHeapSize                          = 134217728                                 {product} {ergonomic}
   size_t MarkStackSize                            = 4194304                                   {product} {ergonomic}
   size_t MaxHeapSize                              = 2147483648                                {product} {command line}
   size_t MaxNewSize                               = 1287651328                                {product} {ergonomic}
   size_t MinHeapDeltaBytes                        = 1048576                                   {product} {ergonomic}
    uintx NonNMethodCodeHeapSize                   = 5830732                                {pd product} {ergonomic}
    uintx NonProfiledCodeHeapSize                  = 122913754                              {pd product} {ergonomic}
    uintx ProfiledCodeHeapSize                     = 122913754                              {pd product} {ergonomic}
    uintx ReservedCodeCacheSize                    = 251658240                              {pd product} {ergonomic}
     bool SegmentedCodeCache                       = true                                      {product} {ergonomic}
     bool UseCompressedClassPointers               = true                                 {lp64_product} {ergonomic}
     bool UseCompressedOops                        = true                                 {lp64_product} {ergonomic}
     bool UseG1GC                                  = true                                      {product} {ergonomic}
     bool UseLargePagesIndividualAllocation        = false                                  {pd product} {ergonomic}

Logging:
Log output configuration:
 #0: stdout all=warning uptime,level,tags
 #1: stderr all=off uptime,level,tags

Environment Variables:
PATH=C:\Program Files\Common Files\Oracle\Java\javapath;C:\Program Files (x86)\Python38-32\Scripts\;C:\Program Files (x86)\Python38-32\;C:\Program Files (x86)\Common Files\Oracle\Java\javapath;C:\Windows\system32;C:\Windows;C:\Windows\System32\Wbem;C:\Windows\System32\WindowsPowerShell\v1.0\;C:\Windows\System32\OpenSSH\;C:\Program Files\Microsoft VS Code\bin;C:\Program Files\Git\cmd;C:\Program Files\nodejs\;C:\Users\User\AppData\Local\Microsoft\WindowsApps;
USERNAME=User
OS=Windows_NT
PROCESSOR_IDENTIFIER=Intel64 Family 6 Model 60 Stepping 3, GenuineIntel



---------------  S Y S T E M  ---------------

OS: Windows 10 , 64 bit Build 17763 (10.0.17763.2145)
OS uptime: 0 days 1:39 hours

CPU:total 4 (initial active 4) (4 cores per cpu, 1 threads per core) family 6 model 60 stepping 3 microcode 0x28, cmov, cx8, fxsr, mmx, sse, sse2, sse3, ssse3, sse4.1, sse4.2, popcnt, avx, avx2, aes, clmul, erms, lzcnt, tsc, tscinvbit, bmi1, bmi2, fma

Memory: 4k page, system-wide physical 8128M (431M free)
TotalPageFile size 10176M (AvailPageFile size 40M)
current process WorkingSet (physical memory assigned to process): 599M, peak: 600M
current process commit charge ("private bytes"): 628M, peak: 692M

vm_info: OpenJDK 64-Bit Server VM (11.0.10+0-b96-7249189) for windows-amd64 JRE (11.0.10+0-b96-7249189), built on Mar 31 2021 21:44:00 by "builder" with MS VC++ 14.0 (VS2015)

END.
